Log file open, 04/11/23 16:38:53
LogWindows: Failed to load 'aqProf.dll' (GetLastError=126)
LogWindows: File 'aqProf.dll' does not exist
LogWindows: Failed to load 'VtuneApi.dll' (GetLastError=126)
LogWindows: File 'VtuneApi.dll' does not exist
LogWindows: Failed to load 'VtuneApi32e.dll' (GetLastError=126)
LogWindows: File 'VtuneApi32e.dll' does not exist
LogConsoleResponse: Display: Failed to find resolution value strings in scalability ini. Falling back to default.
LogConsoleResponse: Display: Failed to find resolution value strings in scalability ini. Falling back to default.
LogInit: Display: Running engine for game: TheCardKingdom
LogPlatformFile: Not using cached read wrapper
LogTaskGraph: Started task graph with 5 named threads and 35 total threads with 3 sets of task threads.
LogStats: Stats thread started at 0.197747
LogICUInternationalization: ICU TimeZone Detection - Raw Offset: +1:00, Platform Override: ''
LogInit: Display: Loading text-based GConfig....
LogPluginManager: Mounting plugin MeshPainting
LogPluginManager: Mounting plugin XGEController
LogPluginManager: Mounting plugin Paper2D
LogPluginManager: Mounting plugin AISupport
LogPluginManager: Mounting plugin EnvironmentQueryEditor
LogPluginManager: Mounting plugin LiveLink
LogPluginManager: Mounting plugin CameraShakePreviewer
LogPluginManager: Mounting plugin GameplayCameras
LogPluginManager: Mounting plugin LightPropagationVolume
LogPluginManager: Mounting plugin OodleNetwork
LogPluginManager: Mounting plugin AnimationSharing
LogPluginManager: Mounting plugin CLionSourceCodeAccess
LogPluginManager: Mounting plugin OodleData
LogPluginManager: Mounting plugin CodeLiteSourceCodeAccess
LogPluginManager: Mounting plugin GitSourceControl
LogPluginManager: Mounting plugin KDevelopSourceCodeAccess
LogPluginManager: Mounting plugin PerforceSourceControl
LogPluginManager: Mounting plugin NullSourceCodeAccess
LogPluginManager: Mounting plugin PixWinPlugin
LogPluginManager: Mounting plugin PlasticSourceControl
LogPluginManager: Mounting plugin PluginUtils
LogPluginManager: Mounting plugin PropertyAccessNode
LogPluginManager: Mounting plugin DatasmithContent
LogPluginManager: Mounting plugin RiderSourceCodeAccess
LogPluginManager: Mounting plugin SubversionSourceControl
LogPluginManager: Mounting plugin TextureFormatOodle
LogPluginManager: Mounting plugin UObjectPlugin
LogPluginManager: Mounting plugin VisualStudioCodeSourceCodeAccess
LogPluginManager: Mounting plugin VisualStudioSourceCodeAccess
LogPluginManager: Mounting plugin XCodeSourceCodeAccess
LogPluginManager: Mounting plugin AlembicImporter
LogPluginManager: Mounting plugin VariantManagerContent
LogPluginManager: Mounting plugin Niagara
LogPluginManager: Mounting plugin AutomationUtils
LogPluginManager: Mounting plugin BackChannel
LogPluginManager: Mounting plugin ChaosEditor
LogPluginManager: Mounting plugin ChaosCloth
LogPluginManager: Mounting plugin ChaosClothEditor
LogPluginManager: Mounting plugin ChaosSolverPlugin
LogPluginManager: Mounting plugin ChaosNiagara
LogPluginManager: Mounting plugin CharacterAI
LogPluginManager: Mounting plugin GeometryCache
LogPluginManager: Mounting plugin GeometryCollectionPlugin
LogPluginManager: Mounting plugin GeometryProcessing
LogPluginManager: Mounting plugin OpenImageDenoise
LogPluginManager: Mounting plugin MotoSynth
LogPluginManager: Mounting plugin PlanarCut
LogPluginManager: Mounting plugin PlatformCrypto
LogPluginManager: Mounting plugin ProxyLODPlugin
LogPluginManager: Mounting plugin PythonScriptPlugin
LogPluginManager: Mounting plugin SkeletalReduction
LogPluginManager: Mounting plugin AndroidMedia
LogPluginManager: Mounting plugin AvfMedia
LogPluginManager: Mounting plugin ImgMedia
LogPluginManager: Mounting plugin MediaCompositing
LogPluginManager: Mounting plugin MediaPlayerEditor
LogPluginManager: Mounting plugin LuminPlatformFeatures
LogPluginManager: Mounting plugin WebMMedia
LogPluginManager: Mounting plugin WmfMedia
LogPluginManager: Mounting plugin MagicLeap
LogPluginManager: Mounting plugin MagicLeapMedia
LogPluginManager: Mounting plugin MagicLeapLightEstimation
LogPluginManager: Mounting plugin MagicLeapPassableWorld
LogPluginManager: Mounting plugin MLSDK
LogPluginManager: Mounting plugin UdpMessaging
LogPluginManager: Mounting plugin ActorSequence
LogPluginManager: Mounting plugin TcpMessaging
LogPluginManager: Mounting plugin LevelSequenceEditor
LogPluginManager: Mounting plugin MatineeToLevelSequence
LogPluginManager: Mounting plugin TemplateSequence
LogPluginManager: Mounting plugin OnlineSubsystem
LogPluginManager: Mounting plugin OnlineSubsystemNull
LogPluginManager: Mounting plugin OnlineSubsystemUtils
LogPluginManager: Mounting plugin LauncherChunkInstaller
LogPluginManager: Mounting plugin ActorLayerUtilities
LogPluginManager: Mounting plugin AndroidDeviceProfileSelector
LogPluginManager: Mounting plugin AndroidMoviePlayer
LogPluginManager: Mounting plugin AndroidPermission
LogPluginManager: Mounting plugin AppleImageUtils
LogPluginManager: Mounting plugin AppleMoviePlayer
LogPluginManager: Mounting plugin ArchVisCharacter
LogPluginManager: Mounting plugin AssetTags
LogPluginManager: Mounting plugin AudioCapture
LogPluginManager: Mounting plugin AudioSynesthesia
LogPluginManager: Mounting plugin CableComponent
LogPluginManager: Mounting plugin CustomMeshComponent
LogPluginManager: Mounting plugin ChunkDownloader
LogPluginManager: Mounting plugin EditableMesh
LogPluginManager: Mounting plugin ExampleDeviceProfileSelector
LogPluginManager: Mounting plugin GoogleCloudMessaging
LogPluginManager: Mounting plugin GooglePAD
LogPluginManager: Mounting plugin IOSDeviceProfileSelector
LogPluginManager: Mounting plugin LinuxDeviceProfileSelector
LogPluginManager: Mounting plugin LocationServicesBPLibrary
LogPluginManager: Mounting plugin MobilePatchingUtils
LogPluginManager: Mounting plugin OpenXR
LogPluginManager: Mounting plugin ScreenshotTools
LogPluginManager: Mounting plugin OpenXREyeTracker
LogPluginManager: Mounting plugin OpenXRHandTracking
LogPluginManager: Mounting plugin PhysXVehicles
LogPluginManager: Mounting plugin PostSplashScreen
LogPluginManager: Mounting plugin Takes
LogPluginManager: Mounting plugin ProceduralMeshComponent
LogPluginManager: Mounting plugin PropertyAccessEditor
LogPluginManager: Mounting plugin RuntimePhysXCooking
LogPluginManager: Mounting plugin SignificanceManager
LogPluginManager: Mounting plugin SoundFields
LogPluginManager: Mounting plugin Synthesis
LogPluginManager: Mounting plugin AssetManagerEditor
LogPluginManager: Mounting plugin WebMMoviePlayer
LogPluginManager: Mounting plugin WindowsMoviePlayer
LogPluginManager: Mounting plugin CryptoKeys
LogPluginManager: Mounting plugin CurveEditorTools
LogPluginManager: Mounting plugin DataValidation
LogPluginManager: Mounting plugin FacialAnimation
LogPluginManager: Mounting plugin GeometryMode
LogPluginManager: Mounting plugin GameplayTagsEditor
LogPluginManager: Mounting plugin MacGraphicsSwitching
LogPluginManager: Mounting plugin MaterialAnalyzer
LogPluginManager: Mounting plugin MobileLauncherProfileWizard
LogPluginManager: Mounting plugin PluginBrowser
LogPluginManager: Mounting plugin SpeedTreeImporter
LogPluginManager: Mounting plugin OnlineSubsystemGooglePlay
LogPluginManager: Mounting plugin OnlineSubsystemIOS
LogPluginManager: Mounting plugin OculusVR
LogPluginManager: Mounting plugin SteamVR
LogPluginManager: Mounting plugin ContentBrowserAssetDataSource
LogPluginManager: Mounting plugin ContentBrowserClassDataSource
LogPluginManager: Mounting plugin ContentBrowserFileDataSource
PixWinPlugin: PIX capture plugin failed to initialize! Check that the process is launched from PIX.
LogInit: Using libcurl 7.55.1-DEV
LogInit:  - built for x86_64-pc-win32
LogInit:  - supports SSL with OpenSSL/1.1.1
LogInit:  - supports HTTP deflate (compression) using libz 1.2.8
LogInit:  - other features:
LogInit:      CURL_VERSION_SSL
LogInit:      CURL_VERSION_LIBZ
LogInit:      CURL_VERSION_IPV6
LogInit:      CURL_VERSION_ASYNCHDNS
LogInit:      CURL_VERSION_LARGEFILE
LogInit:      CURL_VERSION_IDN
LogInit:  CurlRequestOptions (configurable via config and command line):
LogInit:  - bVerifyPeer = true  - Libcurl will verify peer certificate
LogInit:  - bUseHttpProxy = false  - Libcurl will NOT use HTTP proxy
LogInit:  - bDontReuseConnections = false  - Libcurl will reuse connections
LogInit:  - MaxHostConnections = 16  - Libcurl will limit the number of connections to a host
LogInit:  - LocalHostAddr = Default
LogInit:  - BufferSize = 65536
LogOnline: OSS: Creating online subsystem instance for: NULL
LogInit: WinSock: version 1.1 (2.2), MaxSocks=32767, MaxUdp=65467
LogOnline: OSS: TryLoadSubsystemAndSetDefault: Loaded subsystem for module [NULL]
LogOculusPluginWrapper: OculusPlugin initialized successfully
LogHMD: Failed initializing OVRPlugin 1.59.0
LogInit: Build: ++UE4+Release-4.27-CL-18319896
LogInit: Engine Version: 4.27.2-18319896+++UE4+Release-4.27
LogInit: Compatible Engine Version: 4.27.0-17155196+++UE4+Release-4.27
LogInit: Net CL: 17155196
LogInit: OS: Windows 10 (Release 2009) (), CPU: AMD Ryzen 5 5600 6-Core Processor              , GPU: AMD Radeon RX 6700
LogInit: Compiled (64-bit): Nov 30 2021 07:12:08
LogInit: Compiled with Visual C++: 19.24.28315.00
LogInit: Build Configuration: Development
LogInit: Branch Name: ++UE4+Release-4.27
LogInit: Command Line: 
LogInit: Base Directory: D:/UE_4.27/Engine/Binaries/Win64/
LogInit: Allocator: TBB
LogInit: Installed Engine Build: 1
LogDevObjectVersion: Number of dev versions registered: 29
LogDevObjectVersion:   Dev-Blueprints (B0D832E4-1F89-4F0D-ACCF-7EB736FD4AA2): 10
LogDevObjectVersion:   Dev-Build (E1C64328-A22C-4D53-A36C-8E866417BD8C): 0
LogDevObjectVersion:   Dev-Core (375EC13C-06E4-48FB-B500-84F0262A717E): 4
LogDevObjectVersion:   Dev-Editor (E4B068ED-F494-42E9-A231-DA0B2E46BB41): 40
LogDevObjectVersion:   Dev-Framework (CFFC743F-43B0-4480-9391-14DF171D2073): 37
LogDevObjectVersion:   Dev-Mobile (B02B49B5-BB20-44E9-A304-32B752E40360): 3
LogDevObjectVersion:   Dev-Networking (A4E4105C-59A1-49B5-A7C5-40C4547EDFEE): 0
LogDevObjectVersion:   Dev-Online (39C831C9-5AE6-47DC-9A44-9C173E1C8E7C): 0
LogDevObjectVersion:   Dev-Physics (78F01B33-EBEA-4F98-B9B4-84EACCB95AA2): 14
LogDevObjectVersion:   Dev-Platform (6631380F-2D4D-43E0-8009-CF276956A95A): 0
LogDevObjectVersion:   Dev-Rendering (12F88B9F-8875-4AFC-A67C-D90C383ABD29): 45
LogDevObjectVersion:   Dev-Sequencer (7B5AE74C-D270-4C10-A958-57980B212A5A): 13
LogDevObjectVersion:   Dev-VR (D7296918-1DD6-4BDD-9DE2-64A83CC13884): 3
LogDevObjectVersion:   Dev-LoadTimes (C2A15278-BFE7-4AFE-6C17-90FF531DF755): 1
LogDevObjectVersion:   Private-Geometry (6EACA3D4-40EC-4CC1-B786-8BED09428FC5): 3
LogDevObjectVersion:   Dev-AnimPhys (29E575DD-E0A3-4627-9D10-D276232CDCEA): 17
LogDevObjectVersion:   Dev-Anim (AF43A65D-7FD3-4947-9873-3E8ED9C1BB05): 15
LogDevObjectVersion:   Dev-ReflectionCapture (6B266CEC-1EC7-4B8F-A30B-E4D90942FC07): 1
LogDevObjectVersion:   Dev-Automation (0DF73D61-A23F-47EA-B727-89E90C41499A): 1
LogDevObjectVersion:   FortniteMain (601D1886-AC64-4F84-AA16-D3DE0DEAC7D6): 47
LogDevObjectVersion:   FortniteRelease (E7086368-6B23-4C58-8439-1B7016265E91): 1
LogDevObjectVersion:   Dev-Enterprise (9DFFBCD6-494F-0158-E221-12823C92A888): 10
LogDevObjectVersion:   Dev-Niagara (F2AED0AC-9AFE-416F-8664-AA7FFA26D6FC): 1
LogDevObjectVersion:   Dev-Destruction (174F1F0B-B4C6-45A5-B13F-2EE8D0FB917D): 10
LogDevObjectVersion:   Dev-Physics-Ext (35F94A83-E258-406C-A318-09F59610247C): 41
LogDevObjectVersion:   Dev-PhysicsMaterial-Chaos (B68FC16E-8B1B-42E2-B453-215C058844FE): 1
LogDevObjectVersion:   Dev-CineCamera (B2E18506-4273-CFC2-A54E-F4BB758BBA07): 1
LogDevObjectVersion:   Dev-VirtualProduction (64F58936-FD1B-42BA-BA96-7289D5D0FA4E): 1
LogDevObjectVersion:   Dev-MediaFramework (6F0ED827-A609-4895-9C91-998D90180EA4): 2
LogInit: Presizing for max 25165824 objects, including 0 objects not considered by GC, pre-allocating 0 bytes for permanent pool.
LogConfig: Applying CVar settings from Section [/Script/Engine.StreamingSettings] File [E:/Projets/2022-2023-project-4-game-design-Team-6/TheCardKingdom/Saved/Config/Windows/Engine.ini]
LogConfig: Setting CVar [[s.MinBulkDataSizeForAsyncLoading:131072]]
LogConfig: Setting CVar [[s.AsyncLoadingThreadEnabled:0]]
LogConfig: Setting CVar [[s.EventDrivenLoaderEnabled:1]]
LogConfig: Setting CVar [[s.WarnIfTimeLimitExceeded:0]]
LogConfig: Setting CVar [[s.TimeLimitExceededMultiplier:1.5]]
LogConfig: Setting CVar [[s.TimeLimitExceededMinTime:0.005]]
LogConfig: Setting CVar [[s.UseBackgroundLevelStreaming:1]]
LogConfig: Setting CVar [[s.PriorityAsyncLoadingExtraTime:15.0]]
LogConfig: Setting CVar [[s.LevelStreamingActorsUpdateTimeLimit:5.0]]
LogConfig: Setting CVar [[s.PriorityLevelStreamingActorsUpdateExtraTime:5.0]]
LogConfig: Setting CVar [[s.LevelStreamingComponentsRegistrationGranularity:10]]
LogConfig: Setting CVar [[s.UnregisterComponentsTimeLimit:1.0]]
LogConfig: Setting CVar [[s.LevelStreamingComponentsUnregistrationGranularity:5]]
LogConfig: Setting CVar [[s.FlushStreamingOnExit:1]]
LogInit: Object subsystem initialized
LogConfig: Setting CVar [[con.DebugEarlyDefault:1]]
LogConfig: Setting CVar [[r.setres:1280x720]]
[2023.04.11-14.38.54:291][  0]LogConfig: Setting CVar [[r.VSync:0]]
[2023.04.11-14.38.54:291][  0]LogConfig: Setting CVar [[r.RHICmdBypass:0]]
[2023.04.11-14.38.54:291][  0]LogConfig: Applying CVar settings from Section [/Script/Engine.RendererSettings] File [E:/Projets/2022-2023-project-4-game-design-Team-6/TheCardKingdom/Saved/Config/Windows/Engine.ini]
[2023.04.11-14.38.54:291][  0]LogConfig: Setting CVar [[r.GPUCrashDebugging:0]]
[2023.04.11-14.38.54:291][  0]LogConfig: Applying CVar settings from Section [/Script/Engine.RendererOverrideSettings] File [E:/Projets/2022-2023-project-4-game-design-Team-6/TheCardKingdom/Saved/Config/Windows/Engine.ini]
[2023.04.11-14.38.54:291][  0]LogConfig: Applying CVar settings from Section [/Script/Engine.StreamingSettings] File [E:/Projets/2022-2023-project-4-game-design-Team-6/TheCardKingdom/Saved/Config/Windows/Engine.ini]
[2023.04.11-14.38.54:291][  0]LogConfig: Setting CVar [[s.MinBulkDataSizeForAsyncLoading:131072]]
[2023.04.11-14.38.54:291][  0]LogConfig: Setting CVar [[s.AsyncLoadingThreadEnabled:0]]
[2023.04.11-14.38.54:291][  0]LogConfig: Setting CVar [[s.EventDrivenLoaderEnabled:1]]
[2023.04.11-14.38.54:291][  0]LogConfig: Setting CVar [[s.WarnIfTimeLimitExceeded:0]]
[2023.04.11-14.38.54:291][  0]LogConfig: Setting CVar [[s.TimeLimitExceededMultiplier:1.5]]
[2023.04.11-14.38.54:291][  0]LogConfig: Setting CVar [[s.TimeLimitExceededMinTime:0.005]]
[2023.04.11-14.38.54:291][  0]LogConfig: Setting CVar [[s.UseBackgroundLevelStreaming:1]]
[2023.04.11-14.38.54:291][  0]LogConfig: Setting CVar [[s.PriorityAsyncLoadingExtraTime:15.0]]
[2023.04.11-14.38.54:291][  0]LogConfig: Setting CVar [[s.LevelStreamingActorsUpdateTimeLimit:5.0]]
[2023.04.11-14.38.54:291][  0]LogConfig: Setting CVar [[s.PriorityLevelStreamingActorsUpdateExtraTime:5.0]]
[2023.04.11-14.38.54:291][  0]LogConfig: Setting CVar [[s.LevelStreamingComponentsRegistrationGranularity:10]]
[2023.04.11-14.38.54:291][  0]LogConfig: Setting CVar [[s.UnregisterComponentsTimeLimit:1.0]]
[2023.04.11-14.38.54:291][  0]LogConfig: Setting CVar [[s.LevelStreamingComponentsUnregistrationGranularity:5]]
[2023.04.11-14.38.54:291][  0]LogConfig: Setting CVar [[s.FlushStreamingOnExit:1]]
[2023.04.11-14.38.54:291][  0]LogConfig: Applying CVar settings from Section [/Script/Engine.GarbageCollectionSettings] File [E:/Projets/2022-2023-project-4-game-design-Team-6/TheCardKingdom/Saved/Config/Windows/Engine.ini]
[2023.04.11-14.38.54:291][  0]LogConfig: Setting CVar [[gc.MaxObjectsNotConsideredByGC:1]]
[2023.04.11-14.38.54:291][  0]LogConfig: Setting CVar [[gc.SizeOfPermanentObjectPool:0]]
[2023.04.11-14.38.54:291][  0]LogConfig: Setting CVar [[gc.FlushStreamingOnGC:0]]
[2023.04.11-14.38.54:291][  0]LogConfig: Setting CVar [[gc.NumRetriesBeforeForcingGC:10]]
[2023.04.11-14.38.54:291][  0]LogConfig: Setting CVar [[gc.AllowParallelGC:1]]
[2023.04.11-14.38.54:291][  0]LogConfig: Setting CVar [[gc.TimeBetweenPurgingPendingKillObjects:61.1]]
[2023.04.11-14.38.54:291][  0]LogConfig: Setting CVar [[gc.MaxObjectsInEditor:25165824]]
[2023.04.11-14.38.54:291][  0]LogConfig: Setting CVar [[gc.IncrementalBeginDestroyEnabled:1]]
[2023.04.11-14.38.54:291][  0]LogConfig: Setting CVar [[gc.CreateGCClusters:1]]
[2023.04.11-14.38.54:291][  0]LogConfig: Setting CVar [[gc.MinGCClusterSize:5]]
[2023.04.11-14.38.54:291][  0]LogConfig: Setting CVar [[gc.ActorClusteringEnabled:0]]
[2023.04.11-14.38.54:291][  0]LogConfig: Setting CVar [[gc.BlueprintClusteringEnabled:0]]
[2023.04.11-14.38.54:291][  0]LogConfig: Setting CVar [[gc.UseDisregardForGCOnDedicatedServers:0]]
[2023.04.11-14.38.54:291][  0]LogConfig: Setting CVar [[gc.MultithreadedDestructionEnabled:1]]
[2023.04.11-14.38.54:291][  0]LogConfig: Applying CVar settings from Section [/Script/Engine.NetworkSettings] File [E:/Projets/2022-2023-project-4-game-design-Team-6/TheCardKingdom/Saved/Config/Windows/Engine.ini]
[2023.04.11-14.38.54:291][  0]LogConfig: Applying CVar settings from Section [/Script/UnrealEd.CookerSettings] File [E:/Projets/2022-2023-project-4-game-design-Team-6/TheCardKingdom/Saved/Config/Windows/Engine.ini]
[2023.04.11-14.38.54:306][  0]LogConfig: Applying CVar settings from Section [ViewDistanceQuality@3] File [E:/Projets/2022-2023-project-4-game-design-Team-6/TheCardKingdom/Saved/Config/Windows/Scalability.ini]
[2023.04.11-14.38.54:306][  0]LogConfig: Setting CVar [[r.SkeletalMeshLODBias:0]]
[2023.04.11-14.38.54:306][  0]LogConfig: Setting CVar [[r.ViewDistanceScale:1.0]]
[2023.04.11-14.38.54:306][  0]LogConfig: Applying CVar settings from Section [AntiAliasingQuality@3] File [E:/Projets/2022-2023-project-4-game-design-Team-6/TheCardKingdom/Saved/Config/Windows/Scalability.ini]
[2023.04.11-14.38.54:306][  0]LogConfig: Setting CVar [[r.PostProcessAAQuality:4]]
[2023.04.11-14.38.54:306][  0]LogConfig: Applying CVar settings from Section [ShadowQuality@3] File [E:/Projets/2022-2023-project-4-game-design-Team-6/TheCardKingdom/Saved/Config/Windows/Scalability.ini]
[2023.04.11-14.38.54:306][  0]LogConfig: Setting CVar [[r.LightFunctionQuality:1]]
[2023.04.11-14.38.54:306][  0]LogConfig: Setting CVar [[r.ShadowQuality:5]]
[2023.04.11-14.38.54:306][  0]LogConfig: Setting CVar [[r.Shadow.CSM.MaxCascades:10]]
[2023.04.11-14.38.54:306][  0]LogConfig: Setting CVar [[r.Shadow.MaxResolution:2048]]
[2023.04.11-14.38.54:306][  0]LogConfig: Setting CVar [[r.Shadow.MaxCSMResolution:2048]]
[2023.04.11-14.38.54:306][  0]LogConfig: Setting CVar [[r.Shadow.RadiusThreshold:0.01]]
[2023.04.11-14.38.54:306][  0]LogConfig: Setting CVar [[r.Shadow.DistanceScale:1.0]]
[2023.04.11-14.38.54:306][  0]LogConfig: Setting CVar [[r.Shadow.CSM.TransitionScale:1.0]]
[2023.04.11-14.38.54:306][  0]LogConfig: Setting CVar [[r.Shadow.PreShadowResolutionFactor:1.0]]
[2023.04.11-14.38.54:306][  0]LogConfig: Setting CVar [[r.DistanceFieldShadowing:1]]
[2023.04.11-14.38.54:306][  0]LogConfig: Setting CVar [[r.DistanceFieldAO:1]]
[2023.04.11-14.38.54:306][  0]LogConfig: Setting CVar [[r.AOQuality:2]]
[2023.04.11-14.38.54:306][  0]LogConfig: Setting CVar [[r.VolumetricFog:1]]
[2023.04.11-14.38.54:306][  0]LogConfig: Setting CVar [[r.VolumetricFog.GridPixelSize:8]]
[2023.04.11-14.38.54:306][  0]LogConfig: Setting CVar [[r.VolumetricFog.GridSizeZ:128]]
[2023.04.11-14.38.54:306][  0]LogConfig: Setting CVar [[r.VolumetricFog.HistoryMissSupersampleCount:4]]
[2023.04.11-14.38.54:306][  0]LogConfig: Setting CVar [[r.LightMaxDrawDistanceScale:1]]
[2023.04.11-14.38.54:306][  0]LogConfig: Setting CVar [[r.CapsuleShadows:1]]
[2023.04.11-14.38.54:306][  0]LogConfig: Applying CVar settings from Section [PostProcessQuality@3] File [E:/Projets/2022-2023-project-4-game-design-Team-6/TheCardKingdom/Saved/Config/Windows/Scalability.ini]
[2023.04.11-14.38.54:306][  0]LogConfig: Setting CVar [[r.MotionBlurQuality:4]]
[2023.04.11-14.38.54:306][  0]LogConfig: Setting CVar [[r.AmbientOcclusionMipLevelFactor:0.4]]
[2023.04.11-14.38.54:306][  0]LogConfig: Setting CVar [[r.AmbientOcclusionMaxQuality:100]]
[2023.04.11-14.38.54:306][  0]LogConfig: Setting CVar [[r.AmbientOcclusionLevels:-1]]
[2023.04.11-14.38.54:306][  0]LogConfig: Setting CVar [[r.AmbientOcclusionRadiusScale:1.0]]
[2023.04.11-14.38.54:306][  0]LogConfig: Setting CVar [[r.DepthOfFieldQuality:2]]
[2023.04.11-14.38.54:306][  0]LogConfig: Setting CVar [[r.RenderTargetPoolMin:400]]
[2023.04.11-14.38.54:306][  0]LogConfig: Setting CVar [[r.LensFlareQuality:2]]
[2023.04.11-14.38.54:306][  0]LogConfig: Setting CVar [[r.SceneColorFringeQuality:1]]
[2023.04.11-14.38.54:306][  0]LogConfig: Setting CVar [[r.EyeAdaptationQuality:2]]
[2023.04.11-14.38.54:306][  0]LogConfig: Setting CVar [[r.BloomQuality:5]]
[2023.04.11-14.38.54:306][  0]LogConfig: Setting CVar [[r.FastBlurThreshold:100]]
[2023.04.11-14.38.54:306][  0]LogConfig: Setting CVar [[r.Upscale.Quality:3]]
[2023.04.11-14.38.54:306][  0]LogConfig: Setting CVar [[r.Tonemapper.GrainQuantization:1]]
[2023.04.11-14.38.54:306][  0]LogConfig: Setting CVar [[r.LightShaftQuality:1]]
[2023.04.11-14.38.54:306][  0]LogConfig: Setting CVar [[r.Filter.SizeScale:1]]
[2023.04.11-14.38.54:306][  0]LogConfig: Setting CVar [[r.Tonemapper.Quality:5]]
[2023.04.11-14.38.54:306][  0]LogConfig: Setting CVar [[r.DOF.Gather.AccumulatorQuality:1        ; higher gathering accumulator quality]]
[2023.04.11-14.38.54:306][  0]LogConfig: Setting CVar [[r.DOF.Gather.PostfilterMethod:1          ; Median3x3 postfilering method]]
[2023.04.11-14.38.54:306][  0]LogConfig: Setting CVar [[r.DOF.Gather.EnableBokehSettings:0       ; no bokeh simulation when gathering]]
[2023.04.11-14.38.54:306][  0]LogConfig: Setting CVar [[r.DOF.Gather.RingCount:4                 ; medium number of samples when gathering]]
[2023.04.11-14.38.54:306][  0]LogConfig: Setting CVar [[r.DOF.Scatter.ForegroundCompositing:1    ; additive foreground scattering]]
[2023.04.11-14.38.54:306][  0]LogConfig: Setting CVar [[r.DOF.Scatter.BackgroundCompositing:2    ; additive background scattering]]
[2023.04.11-14.38.54:306][  0]LogConfig: Setting CVar [[r.DOF.Scatter.EnableBokehSettings:1      ; bokeh simulation when scattering]]
[2023.04.11-14.38.54:306][  0]LogConfig: Setting CVar [[r.DOF.Scatter.MaxSpriteRatio:0.1         ; only a maximum of 10% of scattered bokeh]]
[2023.04.11-14.38.54:306][  0]LogConfig: Setting CVar [[r.DOF.Recombine.Quality:1                ; cheap slight out of focus]]
[2023.04.11-14.38.54:306][  0]LogConfig: Setting CVar [[r.DOF.Recombine.EnableBokehSettings:0    ; no bokeh simulation on slight out of focus]]
[2023.04.11-14.38.54:306][  0]LogConfig: Setting CVar [[r.DOF.TemporalAAQuality:1                ; more stable temporal accumulation]]
[2023.04.11-14.38.54:306][  0]LogConfig: Setting CVar [[r.DOF.Kernel.MaxForegroundRadius:0.025]]
[2023.04.11-14.38.54:306][  0]LogConfig: Setting CVar [[r.DOF.Kernel.MaxBackgroundRadius:0.025]]
[2023.04.11-14.38.54:306][  0]LogConfig: Applying CVar settings from Section [TextureQuality@3] File [E:/Projets/2022-2023-project-4-game-design-Team-6/TheCardKingdom/Saved/Config/Windows/Scalability.ini]
[2023.04.11-14.38.54:306][  0]LogConfig: Setting CVar [[r.Streaming.MipBias:0]]
[2023.04.11-14.38.54:306][  0]LogConfig: Setting CVar [[r.Streaming.AmortizeCPUToGPUCopy:0]]
[2023.04.11-14.38.54:306][  0]LogConfig: Setting CVar [[r.Streaming.MaxNumTexturesToStreamPerFrame:0]]
[2023.04.11-14.38.54:306][  0]LogConfig: Setting CVar [[r.Streaming.Boost:1]]
[2023.04.11-14.38.54:306][  0]LogConfig: Setting CVar [[r.MaxAnisotropy:8]]
[2023.04.11-14.38.54:306][  0]LogConfig: Setting CVar [[r.VT.MaxAnisotropy:8]]
[2023.04.11-14.38.54:306][  0]LogConfig: Setting CVar [[r.Streaming.LimitPoolSizeToVRAM:0]]
[2023.04.11-14.38.54:306][  0]LogConfig: Setting CVar [[r.Streaming.PoolSize:1000]]
[2023.04.11-14.38.54:306][  0]LogConfig: Setting CVar [[r.Streaming.MaxEffectiveScreenSize:0]]
[2023.04.11-14.38.54:306][  0]LogConfig: Applying CVar settings from Section [EffectsQuality@3] File [E:/Projets/2022-2023-project-4-game-design-Team-6/TheCardKingdom/Saved/Config/Windows/Scalability.ini]
[2023.04.11-14.38.54:306][  0]LogConfig: Setting CVar [[r.TranslucencyLightingVolumeDim:64]]
[2023.04.11-14.38.54:306][  0]LogConfig: Setting CVar [[r.RefractionQuality:2]]
[2023.04.11-14.38.54:306][  0]LogConfig: Setting CVar [[r.SSR.Quality:3]]
[2023.04.11-14.38.54:306][  0]LogConfig: Setting CVar [[r.SSR.HalfResSceneColor:0]]
[2023.04.11-14.38.54:306][  0]LogConfig: Setting CVar [[r.SceneColorFormat:4]]
[2023.04.11-14.38.54:306][  0]LogConfig: Setting CVar [[r.DetailMode:2]]
[2023.04.11-14.38.54:306][  0]LogConfig: Setting CVar [[r.TranslucencyVolumeBlur:1]]
[2023.04.11-14.38.54:306][  0]LogConfig: Setting CVar [[r.MaterialQualityLevel:1 ; High quality]]
[2023.04.11-14.38.54:306][  0]LogConfig: Setting CVar [[r.AnisotropicMaterials:1]]
[2023.04.11-14.38.54:306][  0]LogConfig: Setting CVar [[r.SSS.Scale:1]]
[2023.04.11-14.38.54:306][  0]LogConfig: Setting CVar [[r.SSS.SampleSet:2]]
[2023.04.11-14.38.54:306][  0]LogConfig: Setting CVar [[r.SSS.Quality:1]]
[2023.04.11-14.38.54:306][  0]LogConfig: Setting CVar [[r.SSS.HalfRes:0]]
[2023.04.11-14.38.54:306][  0]LogConfig: Setting CVar [[r.SSGI.Quality:3]]
[2023.04.11-14.38.54:306][  0]LogConfig: Setting CVar [[r.EmitterSpawnRateScale:1.0]]
[2023.04.11-14.38.54:306][  0]LogConfig: Setting CVar [[r.ParticleLightQuality:2]]
[2023.04.11-14.38.54:306][  0]LogConfig: Setting CVar [[r.SkyAtmosphere.AerialPerspectiveLUT.FastApplyOnOpaque:1 ; Always have FastSkyLUT 1 in this case to avoid wrong sky]]
[2023.04.11-14.38.54:306][  0]LogConfig: Setting CVar [[r.SkyAtmosphere.AerialPerspectiveLUT.SampleCountMaxPerSlice:4]]
[2023.04.11-14.38.54:306][  0]LogConfig: Setting CVar [[r.SkyAtmosphere.AerialPerspectiveLUT.DepthResolution:16.0]]
[2023.04.11-14.38.54:306][  0]LogConfig: Setting CVar [[r.SkyAtmosphere.FastSkyLUT:1]]
[2023.04.11-14.38.54:306][  0]LogConfig: Setting CVar [[r.SkyAtmosphere.FastSkyLUT.SampleCountMin:4.0]]
[2023.04.11-14.38.54:306][  0]LogConfig: Setting CVar [[r.SkyAtmosphere.FastSkyLUT.SampleCountMax:128.0]]
[2023.04.11-14.38.54:306][  0]LogConfig: Setting CVar [[r.SkyAtmosphere.SampleCountMin:4.0]]
[2023.04.11-14.38.54:306][  0]LogConfig: Setting CVar [[r.SkyAtmosphere.SampleCountMax:128.0]]
[2023.04.11-14.38.54:306][  0]LogConfig: Setting CVar [[r.SkyAtmosphere.TransmittanceLUT.UseSmallFormat:0]]
[2023.04.11-14.38.54:306][  0]LogConfig: Setting CVar [[r.SkyAtmosphere.TransmittanceLUT.SampleCount:10.0]]
[2023.04.11-14.38.54:306][  0]LogConfig: Setting CVar [[r.SkyAtmosphere.MultiScatteringLUT.SampleCount:15.0]]
[2023.04.11-14.38.54:306][  0]LogConfig: Setting CVar [[r.SkyLight.RealTimeReflectionCapture:1]]
[2023.04.11-14.38.54:306][  0]LogConfig: Applying CVar settings from Section [FoliageQuality@3] File [E:/Projets/2022-2023-project-4-game-design-Team-6/TheCardKingdom/Saved/Config/Windows/Scalability.ini]
[2023.04.11-14.38.54:306][  0]LogConfig: Setting CVar [[foliage.DensityScale:1.0]]
[2023.04.11-14.38.54:306][  0]LogConfig: Setting CVar [[grass.DensityScale:1.0]]
[2023.04.11-14.38.54:306][  0]LogConfig: Applying CVar settings from Section [ShadingQuality@3] File [E:/Projets/2022-2023-project-4-game-design-Team-6/TheCardKingdom/Saved/Config/Windows/Scalability.ini]
[2023.04.11-14.38.54:306][  0]LogConfig: Setting CVar [[r.HairStrands.SkyLighting.IntegrationType:2]]
[2023.04.11-14.38.54:306][  0]LogConfig: Setting CVar [[r.HairStrands.SkyAO.SampleCount:4]]
[2023.04.11-14.38.54:306][  0]LogConfig: Setting CVar [[r.HairStrands.Visibility.MSAA.SamplePerPixel:4]]
[2023.04.11-14.38.54:307][  0]LogInit: Selected Device Profile: [Windows]
[2023.04.11-14.38.54:307][  0]LogInit: Applying CVar settings loaded from the selected device profile: [Windows]
[2023.04.11-14.38.54:307][  0]LogHAL: Display: Platform has ~ 16 GB [17058390016 / 17179869184 / 16], which maps to Larger [LargestMinGB=32, LargerMinGB=12, DefaultMinGB=8, SmallerMinGB=6, SmallestMinGB=0)
[2023.04.11-14.38.54:307][  0]LogInit: Going up to parent DeviceProfile []
[2023.04.11-14.38.54:307][  0]LogConfig: Applying CVar settings from Section [ViewDistanceQuality@3] File [E:/Projets/2022-2023-project-4-game-design-Team-6/TheCardKingdom/Saved/Config/Windows/Scalability.ini]
[2023.04.11-14.38.54:307][  0]LogConfig: Setting CVar [[r.SkeletalMeshLODBias:0]]
[2023.04.11-14.38.54:307][  0]LogConfig: Setting CVar [[r.ViewDistanceScale:1.0]]
[2023.04.11-14.38.54:307][  0]LogConfig: Applying CVar settings from Section [AntiAliasingQuality@3] File [E:/Projets/2022-2023-project-4-game-design-Team-6/TheCardKingdom/Saved/Config/Windows/Scalability.ini]
[2023.04.11-14.38.54:307][  0]LogConfig: Setting CVar [[r.PostProcessAAQuality:4]]
[2023.04.11-14.38.54:307][  0]LogConfig: Applying CVar settings from Section [ShadowQuality@3] File [E:/Projets/2022-2023-project-4-game-design-Team-6/TheCardKingdom/Saved/Config/Windows/Scalability.ini]
[2023.04.11-14.38.54:307][  0]LogConfig: Setting CVar [[r.LightFunctionQuality:1]]
[2023.04.11-14.38.54:307][  0]LogConfig: Setting CVar [[r.ShadowQuality:5]]
[2023.04.11-14.38.54:307][  0]LogConfig: Setting CVar [[r.Shadow.CSM.MaxCascades:10]]
[2023.04.11-14.38.54:307][  0]LogConfig: Setting CVar [[r.Shadow.MaxResolution:2048]]
[2023.04.11-14.38.54:307][  0]LogConfig: Setting CVar [[r.Shadow.MaxCSMResolution:2048]]
[2023.04.11-14.38.54:307][  0]LogConfig: Setting CVar [[r.Shadow.RadiusThreshold:0.01]]
[2023.04.11-14.38.54:307][  0]LogConfig: Setting CVar [[r.Shadow.DistanceScale:1.0]]
[2023.04.11-14.38.54:307][  0]LogConfig: Setting CVar [[r.Shadow.CSM.TransitionScale:1.0]]
[2023.04.11-14.38.54:307][  0]LogConfig: Setting CVar [[r.Shadow.PreShadowResolutionFactor:1.0]]
[2023.04.11-14.38.54:307][  0]LogConfig: Setting CVar [[r.DistanceFieldShadowing:1]]
[2023.04.11-14.38.54:307][  0]LogConfig: Setting CVar [[r.DistanceFieldAO:1]]
[2023.04.11-14.38.54:307][  0]LogConfig: Setting CVar [[r.AOQuality:2]]
[2023.04.11-14.38.54:307][  0]LogConfig: Setting CVar [[r.VolumetricFog:1]]
[2023.04.11-14.38.54:307][  0]LogConfig: Setting CVar [[r.VolumetricFog.GridPixelSize:8]]
[2023.04.11-14.38.54:307][  0]LogConfig: Setting CVar [[r.VolumetricFog.GridSizeZ:128]]
[2023.04.11-14.38.54:307][  0]LogConfig: Setting CVar [[r.VolumetricFog.HistoryMissSupersampleCount:4]]
[2023.04.11-14.38.54:307][  0]LogConfig: Setting CVar [[r.LightMaxDrawDistanceScale:1]]
[2023.04.11-14.38.54:307][  0]LogConfig: Setting CVar [[r.CapsuleShadows:1]]
[2023.04.11-14.38.54:307][  0]LogConfig: Applying CVar settings from Section [PostProcessQuality@3] File [E:/Projets/2022-2023-project-4-game-design-Team-6/TheCardKingdom/Saved/Config/Windows/Scalability.ini]
[2023.04.11-14.38.54:307][  0]LogConfig: Setting CVar [[r.MotionBlurQuality:4]]
[2023.04.11-14.38.54:307][  0]LogConfig: Setting CVar [[r.AmbientOcclusionMipLevelFactor:0.4]]
[2023.04.11-14.38.54:307][  0]LogConfig: Setting CVar [[r.AmbientOcclusionMaxQuality:100]]
[2023.04.11-14.38.54:307][  0]LogConfig: Setting CVar [[r.AmbientOcclusionLevels:-1]]
[2023.04.11-14.38.54:307][  0]LogConfig: Setting CVar [[r.AmbientOcclusionRadiusScale:1.0]]
[2023.04.11-14.38.54:307][  0]LogConfig: Setting CVar [[r.DepthOfFieldQuality:2]]
[2023.04.11-14.38.54:307][  0]LogConfig: Setting CVar [[r.RenderTargetPoolMin:400]]
[2023.04.11-14.38.54:307][  0]LogConfig: Setting CVar [[r.LensFlareQuality:2]]
[2023.04.11-14.38.54:307][  0]LogConfig: Setting CVar [[r.SceneColorFringeQuality:1]]
[2023.04.11-14.38.54:307][  0]LogConfig: Setting CVar [[r.EyeAdaptationQuality:2]]
[2023.04.11-14.38.54:307][  0]LogConfig: Setting CVar [[r.BloomQuality:5]]
[2023.04.11-14.38.54:307][  0]LogConfig: Setting CVar [[r.FastBlurThreshold:100]]
[2023.04.11-14.38.54:307][  0]LogConfig: Setting CVar [[r.Upscale.Quality:3]]
[2023.04.11-14.38.54:307][  0]LogConfig: Setting CVar [[r.Tonemapper.GrainQuantization:1]]
[2023.04.11-14.38.54:307][  0]LogConfig: Setting CVar [[r.LightShaftQuality:1]]
[2023.04.11-14.38.54:307][  0]LogConfig: Setting CVar [[r.Filter.SizeScale:1]]
[2023.04.11-14.38.54:307][  0]LogConfig: Setting CVar [[r.Tonemapper.Quality:5]]
[2023.04.11-14.38.54:307][  0]LogConfig: Setting CVar [[r.DOF.Gather.AccumulatorQuality:1        ; higher gathering accumulator quality]]
[2023.04.11-14.38.54:307][  0]LogConfig: Setting CVar [[r.DOF.Gather.PostfilterMethod:1          ; Median3x3 postfilering method]]
[2023.04.11-14.38.54:307][  0]LogConfig: Setting CVar [[r.DOF.Gather.EnableBokehSettings:0       ; no bokeh simulation when gathering]]
[2023.04.11-14.38.54:307][  0]LogConfig: Setting CVar [[r.DOF.Gather.RingCount:4                 ; medium number of samples when gathering]]
[2023.04.11-14.38.54:307][  0]LogConfig: Setting CVar [[r.DOF.Scatter.ForegroundCompositing:1    ; additive foreground scattering]]
[2023.04.11-14.38.54:307][  0]LogConfig: Setting CVar [[r.DOF.Scatter.BackgroundCompositing:2    ; additive background scattering]]
[2023.04.11-14.38.54:307][  0]LogConfig: Setting CVar [[r.DOF.Scatter.EnableBokehSettings:1      ; bokeh simulation when scattering]]
[2023.04.11-14.38.54:307][  0]LogConfig: Setting CVar [[r.DOF.Scatter.MaxSpriteRatio:0.1         ; only a maximum of 10% of scattered bokeh]]
[2023.04.11-14.38.54:307][  0]LogConfig: Setting CVar [[r.DOF.Recombine.Quality:1                ; cheap slight out of focus]]
[2023.04.11-14.38.54:307][  0]LogConfig: Setting CVar [[r.DOF.Recombine.EnableBokehSettings:0    ; no bokeh simulation on slight out of focus]]
[2023.04.11-14.38.54:307][  0]LogConfig: Setting CVar [[r.DOF.TemporalAAQuality:1                ; more stable temporal accumulation]]
[2023.04.11-14.38.54:307][  0]LogConfig: Setting CVar [[r.DOF.Kernel.MaxForegroundRadius:0.025]]
[2023.04.11-14.38.54:307][  0]LogConfig: Setting CVar [[r.DOF.Kernel.MaxBackgroundRadius:0.025]]
[2023.04.11-14.38.54:307][  0]LogConfig: Applying CVar settings from Section [TextureQuality@3] File [E:/Projets/2022-2023-project-4-game-design-Team-6/TheCardKingdom/Saved/Config/Windows/Scalability.ini]
[2023.04.11-14.38.54:307][  0]LogConfig: Setting CVar [[r.Streaming.MipBias:0]]
[2023.04.11-14.38.54:307][  0]LogConfig: Setting CVar [[r.Streaming.AmortizeCPUToGPUCopy:0]]
[2023.04.11-14.38.54:307][  0]LogConfig: Setting CVar [[r.Streaming.MaxNumTexturesToStreamPerFrame:0]]
[2023.04.11-14.38.54:307][  0]LogConfig: Setting CVar [[r.Streaming.Boost:1]]
[2023.04.11-14.38.54:307][  0]LogConfig: Setting CVar [[r.MaxAnisotropy:8]]
[2023.04.11-14.38.54:307][  0]LogConfig: Setting CVar [[r.VT.MaxAnisotropy:8]]
[2023.04.11-14.38.54:307][  0]LogConfig: Setting CVar [[r.Streaming.LimitPoolSizeToVRAM:0]]
[2023.04.11-14.38.54:307][  0]LogConfig: Setting CVar [[r.Streaming.PoolSize:1000]]
[2023.04.11-14.38.54:307][  0]LogConfig: Setting CVar [[r.Streaming.MaxEffectiveScreenSize:0]]
[2023.04.11-14.38.54:307][  0]LogConfig: Applying CVar settings from Section [EffectsQuality@3] File [E:/Projets/2022-2023-project-4-game-design-Team-6/TheCardKingdom/Saved/Config/Windows/Scalability.ini]
[2023.04.11-14.38.54:307][  0]LogConfig: Setting CVar [[r.TranslucencyLightingVolumeDim:64]]
[2023.04.11-14.38.54:307][  0]LogConfig: Setting CVar [[r.RefractionQuality:2]]
[2023.04.11-14.38.54:307][  0]LogConfig: Setting CVar [[r.SSR.Quality:3]]
[2023.04.11-14.38.54:307][  0]LogConfig: Setting CVar [[r.SSR.HalfResSceneColor:0]]
[2023.04.11-14.38.54:307][  0]LogConfig: Setting CVar [[r.SceneColorFormat:4]]
[2023.04.11-14.38.54:307][  0]LogConfig: Setting CVar [[r.DetailMode:2]]
[2023.04.11-14.38.54:307][  0]LogConfig: Setting CVar [[r.TranslucencyVolumeBlur:1]]
[2023.04.11-14.38.54:307][  0]LogConfig: Setting CVar [[r.MaterialQualityLevel:1 ; High quality]]
[2023.04.11-14.38.54:307][  0]LogConfig: Setting CVar [[r.AnisotropicMaterials:1]]
[2023.04.11-14.38.54:307][  0]LogConfig: Setting CVar [[r.SSS.Scale:1]]
[2023.04.11-14.38.54:307][  0]LogConfig: Setting CVar [[r.SSS.SampleSet:2]]
[2023.04.11-14.38.54:307][  0]LogConfig: Setting CVar [[r.SSS.Quality:1]]
[2023.04.11-14.38.54:307][  0]LogConfig: Setting CVar [[r.SSS.HalfRes:0]]
[2023.04.11-14.38.54:307][  0]LogConfig: Setting CVar [[r.SSGI.Quality:3]]
[2023.04.11-14.38.54:307][  0]LogConfig: Setting CVar [[r.EmitterSpawnRateScale:1.0]]
[2023.04.11-14.38.54:307][  0]LogConfig: Setting CVar [[r.ParticleLightQuality:2]]
[2023.04.11-14.38.54:307][  0]LogConfig: Setting CVar [[r.SkyAtmosphere.AerialPerspectiveLUT.FastApplyOnOpaque:1 ; Always have FastSkyLUT 1 in this case to avoid wrong sky]]
[2023.04.11-14.38.54:307][  0]LogConfig: Setting CVar [[r.SkyAtmosphere.AerialPerspectiveLUT.SampleCountMaxPerSlice:4]]
[2023.04.11-14.38.54:307][  0]LogConfig: Setting CVar [[r.SkyAtmosphere.AerialPerspectiveLUT.DepthResolution:16.0]]
[2023.04.11-14.38.54:307][  0]LogConfig: Setting CVar [[r.SkyAtmosphere.FastSkyLUT:1]]
[2023.04.11-14.38.54:307][  0]LogConfig: Setting CVar [[r.SkyAtmosphere.FastSkyLUT.SampleCountMin:4.0]]
[2023.04.11-14.38.54:307][  0]LogConfig: Setting CVar [[r.SkyAtmosphere.FastSkyLUT.SampleCountMax:128.0]]
[2023.04.11-14.38.54:307][  0]LogConfig: Setting CVar [[r.SkyAtmosphere.SampleCountMin:4.0]]
[2023.04.11-14.38.54:307][  0]LogConfig: Setting CVar [[r.SkyAtmosphere.SampleCountMax:128.0]]
[2023.04.11-14.38.54:307][  0]LogConfig: Setting CVar [[r.SkyAtmosphere.TransmittanceLUT.UseSmallFormat:0]]
[2023.04.11-14.38.54:307][  0]LogConfig: Setting CVar [[r.SkyAtmosphere.TransmittanceLUT.SampleCount:10.0]]
[2023.04.11-14.38.54:307][  0]LogConfig: Setting CVar [[r.SkyAtmosphere.MultiScatteringLUT.SampleCount:15.0]]
[2023.04.11-14.38.54:307][  0]LogConfig: Setting CVar [[r.SkyLight.RealTimeReflectionCapture:1]]
[2023.04.11-14.38.54:307][  0]LogConfig: Applying CVar settings from Section [FoliageQuality@3] File [E:/Projets/2022-2023-project-4-game-design-Team-6/TheCardKingdom/Saved/Config/Windows/Scalability.ini]
[2023.04.11-14.38.54:307][  0]LogConfig: Setting CVar [[foliage.DensityScale:1.0]]
[2023.04.11-14.38.54:307][  0]LogConfig: Setting CVar [[grass.DensityScale:1.0]]
[2023.04.11-14.38.54:307][  0]LogConfig: Applying CVar settings from Section [ShadingQuality@3] File [E:/Projets/2022-2023-project-4-game-design-Team-6/TheCardKingdom/Saved/Config/Windows/Scalability.ini]
[2023.04.11-14.38.54:307][  0]LogConfig: Setting CVar [[r.HairStrands.SkyLighting.IntegrationType:2]]
[2023.04.11-14.38.54:307][  0]LogConfig: Setting CVar [[r.HairStrands.SkyAO.SampleCount:4]]
[2023.04.11-14.38.54:307][  0]LogConfig: Setting CVar [[r.HairStrands.Visibility.MSAA.SamplePerPixel:4]]
[2023.04.11-14.38.54:307][  0]LogConfig: Applying CVar settings from Section [Startup] File [../../../Engine/Config/ConsoleVariables.ini]
[2023.04.11-14.38.54:308][  0]LogConfig: Setting CVar [[net.UseAdaptiveNetUpdateFrequency:0]]
[2023.04.11-14.38.54:308][  0]LogConfig: Setting CVar [[p.chaos.AllowCreatePhysxBodies:1]]
[2023.04.11-14.38.54:308][  0]LogConfig: Setting CVar [[fx.SkipVectorVMBackendOptimizations:1]]
[2023.04.11-14.38.54:308][  0]LogConfig: Applying CVar settings from Section [ConsoleVariables] File [E:/Projets/2022-2023-project-4-game-design-Team-6/TheCardKingdom/Saved/Config/Windows/Engine.ini]
[2023.04.11-14.38.54:308][  0]LogConfig: Applying CVar settings from Section [ConsoleVariables] File [E:/Projets/2022-2023-project-4-game-design-Team-6/TheCardKingdom/Saved/Config/Windows/Editor.ini]
[2023.04.11-14.38.54:308][  0]LogInit: Computer: AUREL
[2023.04.11-14.38.54:308][  0]LogInit: User: AurélienFernandez
[2023.04.11-14.38.54:308][  0]LogInit: CPU Page size=4096, Cores=6
[2023.04.11-14.38.54:308][  0]LogInit: High frequency timer resolution =10.000000 MHz
[2023.04.11-14.38.54:308][  0]LogMemory: Memory total: Physical=15.9GB (16GB approx)
[2023.04.11-14.38.54:308][  0]LogMemory: Platform Memory Stats for Windows
[2023.04.11-14.38.54:308][  0]LogMemory: Process Physical Memory: 147.52 MB used, 151.88 MB peak
[2023.04.11-14.38.54:308][  0]LogMemory: Process Virtual Memory: 130.09 MB used, 130.09 MB peak
[2023.04.11-14.38.54:308][  0]LogMemory: Physical Memory: 8318.27 MB used,  7949.88 MB free, 16268.15 MB total
[2023.04.11-14.38.54:308][  0]LogMemory: Virtual Memory: 134211184.00 MB used,  6545.51 MB free, 134217728.00 MB total
[2023.04.11-14.38.54:313][  0]LogWindows: WindowsPlatformFeatures enabled
[2023.04.11-14.38.54:333][  0]LogInit: Physics initialised using underlying interface: PhysX
[2023.04.11-14.38.54:333][  0]LogInit: Using OS detected language (fr-FR).
[2023.04.11-14.38.54:333][  0]LogInit: Using OS detected locale (fr-FR).
[2023.04.11-14.38.54:335][  0]LogTextLocalizationManager: No specific localization for 'fr-FR' exists, so the 'fr' localization will be used.
[2023.04.11-14.38.54:335][  0]LogTextLocalizationResource: LocRes '../../../Engine/Content/Localization/Editor/fr/Editor.locres' could not be opened for reading!
[2023.04.11-14.38.54:335][  0]LogTextLocalizationResource: LocRes '../../../Engine/Content/Localization/EditorTutorials/fr/EditorTutorials.locres' could not be opened for reading!
[2023.04.11-14.38.54:335][  0]LogTextLocalizationResource: LocRes '../../../Engine/Content/Localization/Keywords/fr/Keywords.locres' could not be opened for reading!
[2023.04.11-14.38.54:335][  0]LogTextLocalizationResource: LocRes '../../../Engine/Content/Localization/Category/fr/Category.locres' could not be opened for reading!
[2023.04.11-14.38.54:335][  0]LogTextLocalizationResource: LocRes '../../../Engine/Content/Localization/ToolTips/fr/ToolTips.locres' could not be opened for reading!
[2023.04.11-14.38.54:335][  0]LogTextLocalizationResource: LocRes '../../../Engine/Content/Localization/PropertyNames/fr/PropertyNames.locres' could not be opened for reading!
[2023.04.11-14.38.54:335][  0]LogTextLocalizationResource: LocRes '../../../Engine/Content/Localization/Engine/fr/Engine.locres' could not be opened for reading!
[2023.04.11-14.38.54:337][  0]LogInit: Setting process to per monitor DPI aware
[2023.04.11-14.38.54:344][  0]LogWindowsTextInputMethodSystem: Display: IME system deactivated.
[2023.04.11-14.38.54:354][  0]LogSlate: New Slate User Created.  User Index 0, Is Virtual User: 0
[2023.04.11-14.38.54:354][  0]LogSlate: Slate User Registered.  User Index 0, Is Virtual User: 0
[2023.04.11-14.38.54:533][  0]LogD3D11RHI: Loaded GFSDK_Aftermath_Lib.x64.dll
[2023.04.11-14.38.54:535][  0]LogHMD: Failed to initialize OpenVR with code 100
[2023.04.11-14.38.54:535][  0]LogD3D11RHI: D3D11 min allowed feature level: 11_0
[2023.04.11-14.38.54:535][  0]LogD3D11RHI: D3D11 max allowed feature level: 11_0
[2023.04.11-14.38.54:535][  0]LogD3D11RHI: D3D11 adapters:
[2023.04.11-14.38.54:649][  0]LogD3D11RHI:    0. 'AMD Radeon RX 6700' (Feature Level 11_0)
[2023.04.11-14.38.54:649][  0]LogD3D11RHI:       10195/0/8134 MB DedicatedVideo/DedicatedSystem/SharedSystem, Outputs:1, VendorId:0x1002
[2023.04.11-14.38.54:651][  0]LogD3D11RHI:    1. 'Microsoft Basic Render Driver' (Feature Level 11_0)
[2023.04.11-14.38.54:651][  0]LogD3D11RHI:       0/0/8134 MB DedicatedVideo/DedicatedSystem/SharedSystem, Outputs:0, VendorId:0x1414
[2023.04.11-14.38.54:758][  0]LogD3D11RHI:    2. 'AMD Radeon RX 6700' (Feature Level 11_0)
[2023.04.11-14.38.54:758][  0]LogD3D11RHI:       10195/0/8134 MB DedicatedVideo/DedicatedSystem/SharedSystem, Outputs:0, VendorId:0x1002
[2023.04.11-14.38.54:758][  0]LogD3D11RHI: Chosen D3D11 Adapter:
[2023.04.11-14.38.54:758][  0]LogD3D11RHI:     Description : AMD Radeon RX 6700
[2023.04.11-14.38.54:758][  0]LogD3D11RHI:     VendorId    : 1002
[2023.04.11-14.38.54:758][  0]LogD3D11RHI:     DeviceId    : 73df
[2023.04.11-14.38.54:758][  0]LogD3D11RHI:     SubSysId    : e4451da2
[2023.04.11-14.38.54:758][  0]LogD3D11RHI:     Revision    : 00df
[2023.04.11-14.38.54:758][  0]LogD3D11RHI:     DedicatedVideoMemory : 10690453504 bytes
[2023.04.11-14.38.54:758][  0]LogD3D11RHI:     DedicatedSystemMemory : 0 bytes
[2023.04.11-14.38.54:758][  0]LogD3D11RHI:     SharedSystemMemory : 8529195008 bytes
[2023.04.11-14.38.54:758][  0]LogD3D11RHI:     AdapterLuid : 0 59733
[2023.04.11-14.38.54:763][  0]LogD3D11RHI: Creating new Direct3DDevice
[2023.04.11-14.38.54:763][  0]LogD3D11RHI:     GPU DeviceId: 0x73df (for the marketing name, search the web for "GPU Device Id")
[2023.04.11-14.38.54:763][  0]LogWindows: EnumDisplayDevices:
[2023.04.11-14.38.54:763][  0]LogWindows:    0. 'AMD Radeon RX 6700' (P:1 D:1)
[2023.04.11-14.38.54:764][  0]LogWindows:    1. 'AMD Radeon RX 6700' (P:0 D:0)
[2023.04.11-14.38.54:764][  0]LogWindows:    2. 'AMD Radeon RX 6700' (P:0 D:0)
[2023.04.11-14.38.54:764][  0]LogWindows:    3. 'AMD Radeon RX 6700' (P:0 D:0)
[2023.04.11-14.38.54:764][  0]LogWindows:    4. 'AMD Radeon RX 6700' (P:0 D:0)
[2023.04.11-14.38.54:764][  0]LogWindows:    5. 'AMD Radeon RX 6700' (P:0 D:0)
[2023.04.11-14.38.54:765][  0]LogWindows:    6. 'AMD Radeon RX 6700' (P:0 D:0)
[2023.04.11-14.38.54:765][  0]LogWindows:    7. 'Parsec Virtual Display Adapter' (P:0 D:0)
[2023.04.11-14.38.54:765][  0]LogWindows:    8. 'Parsec Virtual Display Adapter' (P:0 D:0)
[2023.04.11-14.38.54:765][  0]LogWindows:    9. 'Parsec Virtual Display Adapter' (P:0 D:0)
[2023.04.11-14.38.54:765][  0]LogWindows:    10. 'Parsec Virtual Display Adapter' (P:0 D:0)
[2023.04.11-14.38.54:765][  0]LogWindows:    11. 'Parsec Virtual Display Adapter' (P:0 D:0)
[2023.04.11-14.38.54:765][  0]LogWindows:    12. 'Parsec Virtual Display Adapter' (P:0 D:0)
[2023.04.11-14.38.54:765][  0]LogWindows:    13. 'Parsec Virtual Display Adapter' (P:0 D:0)
[2023.04.11-14.38.54:765][  0]LogWindows:    14. 'Parsec Virtual Display Adapter' (P:0 D:0)
[2023.04.11-14.38.54:765][  0]LogWindows:    15. 'Parsec Virtual Display Adapter' (P:0 D:0)
[2023.04.11-14.38.54:765][  0]LogWindows:    16. 'Parsec Virtual Display Adapter' (P:0 D:0)
[2023.04.11-14.38.54:766][  0]LogWindows:    17. 'Parsec Virtual Display Adapter' (P:0 D:0)
[2023.04.11-14.38.54:766][  0]LogWindows:    18. 'Parsec Virtual Display Adapter' (P:0 D:0)
[2023.04.11-14.38.54:766][  0]LogWindows:    19. 'Parsec Virtual Display Adapter' (P:0 D:0)
[2023.04.11-14.38.54:766][  0]LogWindows:    20. 'Parsec Virtual Display Adapter' (P:0 D:0)
[2023.04.11-14.38.54:766][  0]LogWindows:    21. 'Parsec Virtual Display Adapter' (P:0 D:0)
[2023.04.11-14.38.54:766][  0]LogWindows:    22. 'Parsec Virtual Display Adapter' (P:0 D:0)
[2023.04.11-14.38.54:766][  0]LogWindows: DebugString: GetVideoDriverDetailsInvalid PrimaryIsNotTheChoosenAdapter GetVideoDriverDetailsInvalid PrimaryIsNotTheChoosenAdapter GetVideoDriverDetailsInvalid PrimaryIsNotTheChoosenAdapter GetVideoDriverDetailsInvalid PrimaryIsNotTheChoosenAdapter GetVideoDriverDetailsInvalid PrimaryIsNotTheChoosenAdapter GetVideoDriverDetailsInvalid PrimaryIsNotTheChoosenAdapter GetVideoDriverDetailsInvalid PrimaryIsNotTheChoosenAdapter GetVideoDriverDetailsInvalid PrimaryIsNotTheChoosenAdapter GetVideoDriverDetailsInvalid PrimaryIsNotTheChoosenAdapter GetVideoDriverDetailsInvalid PrimaryIsNotTheChoosenAdapter GetVideoDriverDetailsInvalid PrimaryIsNotTheChoosenAdapter GetVideoDriverDetailsInvalid PrimaryIsNotTheChoosenAdapter GetVideoDriverDetailsInvalid PrimaryIsNotTheChoosenAdapter GetVideoDriverDetailsInvalid PrimaryIsNotTheChoosenAdapter GetVideoDriverDetailsInvalid PrimaryIsNotTheChoosenAdapter GetVideoDriverDetailsInvalid PrimaryIsNotTheChoosenAdapter FoundDriverCount:7 
[2023.04.11-14.38.54:766][  0]LogD3D11RHI:     Adapter Name: AMD Radeon RX 6700
[2023.04.11-14.38.54:766][  0]LogD3D11RHI:   Driver Version: AMD Software: Adrenalin Edition 22.10.3 (internal:31.0.12029.4013, unified:31.0.12029.4013)
[2023.04.11-14.38.54:766][  0]LogD3D11RHI:      Driver Date: 10-25-2022
[2023.04.11-14.38.54:766][  0]LogRHI: Texture pool is 6599 MB (70% of 9427 MB)
[2023.04.11-14.38.54:798][  0]LogD3D11RHI: Creating D3DDevice with AMD AGS, using adapter:
[2023.04.11-14.38.54:798][  0]LogD3D11RHI:     Description : AMD Radeon RX 6700
[2023.04.11-14.38.54:798][  0]LogD3D11RHI:     VendorId    : 1002
[2023.04.11-14.38.54:798][  0]LogD3D11RHI:     DeviceId    : 73df
[2023.04.11-14.38.54:798][  0]LogD3D11RHI:     SubSysId    : e4451da2
[2023.04.11-14.38.54:798][  0]LogD3D11RHI:     Revision    : 00df
[2023.04.11-14.38.54:798][  0]LogD3D11RHI:     DedicatedVideoMemory : 10690453504 bytes
[2023.04.11-14.38.54:798][  0]LogD3D11RHI:     DedicatedSystemMemory : 0 bytes
[2023.04.11-14.38.54:798][  0]LogD3D11RHI:     SharedSystemMemory : 8529195008 bytes
[2023.04.11-14.38.54:798][  0]LogD3D11RHI:     AdapterLuid : 0 59733
[2023.04.11-14.38.54:900][  0]LogD3D11RHI: Created device via AGS, feature level 11_0, supported extensions 1fffffbf.
[2023.04.11-14.38.54:900][  0]LogD3D11RHI: RHI has support for 64 bit atomics
[2023.04.11-14.38.54:900][  0]LogD3D11RHI: Async texture creation enabled
[2023.04.11-14.38.54:900][  0]LogD3D11RHI: Array index from any shader is supported
[2023.04.11-14.38.54:911][  0]LogD3D11RHI: GPU Timing Frequency: 100.000000 (Debug: 2 1)
[2023.04.11-14.38.55:145][  0]LogTargetPlatformManager: Display: Loaded TargetPlatform 'AllDesktop'
[2023.04.11-14.38.55:163][  0]LogTargetPlatformManager: Display: Loaded TargetPlatform 'Android'
[2023.04.11-14.38.55:163][  0]LogTargetPlatformManager: Display: Loaded TargetPlatform 'Android_ASTC'
[2023.04.11-14.38.55:163][  0]LogTargetPlatformManager: Display: Loaded TargetPlatform 'Android_DXT'
[2023.04.11-14.38.55:163][  0]LogTargetPlatformManager: Display: Loaded TargetPlatform 'Android_ETC2'
[2023.04.11-14.38.55:163][  0]LogTargetPlatformManager: Display: Loaded TargetPlatform 'AndroidClient'
[2023.04.11-14.38.55:163][  0]LogTargetPlatformManager: Display: Loaded TargetPlatform 'Android_ASTCClient'
[2023.04.11-14.38.55:163][  0]LogTargetPlatformManager: Display: Loaded TargetPlatform 'Android_DXTClient'
[2023.04.11-14.38.55:163][  0]LogTargetPlatformManager: Display: Loaded TargetPlatform 'Android_ETC2Client'
[2023.04.11-14.38.55:163][  0]LogTargetPlatformManager: Display: Loaded TargetPlatform 'Android_Multi'
[2023.04.11-14.38.55:163][  0]LogTargetPlatformManager: Display: Loaded TargetPlatform 'Android_MultiClient'
[2023.04.11-14.38.55:179][  0]LogTargetPlatformManager: Display: Loaded TargetPlatform 'IOSClient'
[2023.04.11-14.38.55:179][  0]LogTargetPlatformManager: Display: Loaded TargetPlatform 'IOS'
[2023.04.11-14.38.55:187][  0]LogTargetPlatformManager: Display: Loaded TargetPlatform 'Linux'
[2023.04.11-14.38.55:192][  0]LogTargetPlatformManager: Display: Loaded TargetPlatform 'LinuxNoEditor'
[2023.04.11-14.38.55:196][  0]LogTargetPlatformManager: Display: Loaded TargetPlatform 'LinuxClient'
[2023.04.11-14.38.55:199][  0]LogTargetPlatformManager: Display: Loaded TargetPlatform 'LinuxServer'
[2023.04.11-14.38.55:207][  0]LogTargetPlatformManager: Display: Loaded TargetPlatform 'LinuxAArch64NoEditor'
[2023.04.11-14.38.55:210][  0]LogTargetPlatformManager: Display: Loaded TargetPlatform 'LinuxAArch64Client'
[2023.04.11-14.38.55:214][  0]LogTargetPlatformManager: Display: Loaded TargetPlatform 'LinuxAArch64Server'
[2023.04.11-14.38.55:231][  0]LogTargetPlatformManager: Display: Loaded TargetPlatform 'Lumin'
[2023.04.11-14.38.55:231][  0]LogTargetPlatformManager: Display: Loaded TargetPlatform 'LuminClient'
[2023.04.11-14.38.55:238][  0]LogTargetPlatformManager: Display: Loaded TargetPlatform 'MacNoEditor'
[2023.04.11-14.38.55:242][  0]LogTargetPlatformManager: Display: Loaded TargetPlatform 'Mac'
[2023.04.11-14.38.55:246][  0]LogTargetPlatformManager: Display: Loaded TargetPlatform 'MacClient'
[2023.04.11-14.38.55:249][  0]LogTargetPlatformManager: Display: Loaded TargetPlatform 'MacServer'
[2023.04.11-14.38.55:258][  0]LogTargetPlatformManager: Display: Loaded TargetPlatform 'TVOSClient'
[2023.04.11-14.38.55:258][  0]LogTargetPlatformManager: Display: Loaded TargetPlatform 'TVOS'
[2023.04.11-14.38.55:265][  0]LogTargetPlatformManager: Display: Loaded TargetPlatform 'WindowsNoEditor'
[2023.04.11-14.38.55:270][  0]LogTargetPlatformManager: Display: Loaded TargetPlatform 'Windows'
[2023.04.11-14.38.55:274][  0]LogTargetPlatformManager: Display: Loaded TargetPlatform 'WindowsClient'
[2023.04.11-14.38.55:278][  0]LogTargetPlatformManager: Display: Loaded TargetPlatform 'WindowsServer'
[2023.04.11-14.38.55:278][  0]LogTargetPlatformManager: Display: Building Assets For Windows
[2023.04.11-14.38.55:286][  0]LogAudioDebug: Display: Lib vorbis DLL was dynamically loaded.
[2023.04.11-14.38.55:314][  0]LogTextureFormatOodle: Display: Oodle Texture 2.9.0 init RDO Off
[2023.04.11-14.38.55:344][  0]LogRendererCore: Ray tracing is disabled. Reason: r.RayTracing=0.
[2023.04.11-14.38.55:344][  0]LogShaderCompilers: Guid format shader working directory is -5 characters bigger than the processId version (E:/Projets/2022-2023-project-4-game-design-Team-6/TheCardKingdom/Intermediate/Shaders/WorkingDirectory/2308/).
[2023.04.11-14.38.55:344][  0]LogShaderCompilers: Cleaned the shader compiler working directory 'C:/Users/Aurélien Fernandez/AppData/Local/Temp/UnrealShaderWorkingDir/3083E63A44F476D6E531EDB6EFBFFDBF/'.
[2023.04.11-14.38.55:344][  0]LogXGEController: Cannot use XGE Controller as Incredibuild is not installed on this machine.
[2023.04.11-14.38.55:344][  0]LogShaderCompilers: Cannot use XGE Shader Compiler as Incredibuild is not installed on this machine.
[2023.04.11-14.38.55:344][  0]LogShaderCompilers: Display: Using Local Shader Compiler.
[2023.04.11-14.38.55:939][  0]LogDerivedDataCache: Display: Max Cache Size: 512 MB
[2023.04.11-14.38.55:986][  0]LogDerivedDataCache: Loaded boot cache 0.05s 94MB C:/Users/Aurélien Fernandez/AppData/Local/UnrealEngine/4.27/DerivedDataCache/Boot.ddc.
[2023.04.11-14.38.55:986][  0]LogDerivedDataCache: Display: Loaded Boot cache: C:/Users/Aurélien Fernandez/AppData/Local/UnrealEngine/4.27/DerivedDataCache/Boot.ddc
[2023.04.11-14.38.55:986][  0]LogDerivedDataCache: FDerivedDataBackendGraph:  Pak pak cache file E:/Projets/2022-2023-project-4-game-design-Team-6/TheCardKingdom/DerivedDataCache/DDC.ddp not found, will not use a pak cache.
[2023.04.11-14.38.55:986][  0]LogDerivedDataCache: Unable to find inner node Pak for hierarchical cache Hierarchy.
[2023.04.11-14.38.55:986][  0]LogDerivedDataCache: FDerivedDataBackendGraph:  CompressedPak pak cache file E:/Projets/2022-2023-project-4-game-design-Team-6/TheCardKingdom/DerivedDataCache/Compressed.ddp not found, will not use a pak cache.
[2023.04.11-14.38.55:986][  0]LogDerivedDataCache: Unable to find inner node CompressedPak for hierarchical cache Hierarchy.
[2023.04.11-14.38.56:001][  0]LogDerivedDataCache: Display: Pak cache opened for reading ../../../Engine/DerivedDataCache/Compressed.ddp.
[2023.04.11-14.38.56:001][  0]LogDerivedDataCache: FDerivedDataBackendGraph:  EnterprisePak pak cache file ../../../Enterprise/DerivedDataCache/Compressed.ddp not found, will not use a pak cache.
[2023.04.11-14.38.56:001][  0]LogDerivedDataCache: Unable to find inner node EnterprisePak for hierarchical cache Hierarchy.
[2023.04.11-14.38.56:011][  0]LogDerivedDataCache: Speed tests for C:/Users/Aurélien Fernandez/AppData/Local/UnrealEngine/Common/DerivedDataCache took 0.01 seconds
[2023.04.11-14.38.56:011][  0]LogDerivedDataCache: Display: Performance to C:/Users/Aurélien Fernandez/AppData/Local/UnrealEngine/Common/DerivedDataCache: Latency=0.03ms. RandomReadSpeed=1011.52MBs, RandomWriteSpeed=114.04MBs. Assigned SpeedClass 'Local'
[2023.04.11-14.38.56:012][  0]LogDerivedDataCache: Using Local data cache path C:/Users/Aurélien Fernandez/AppData/Local/UnrealEngine/Common/DerivedDataCache: Writable
[2023.04.11-14.38.56:012][  0]LogDerivedDataCache: Shared data cache path not found in *engine.ini, will not use an Shared cache.
[2023.04.11-14.38.56:012][  0]LogDerivedDataCache: Unable to find inner node Shared for hierarchical cache Hierarchy.
[2023.04.11-14.38.56:045][  0]LogSlate: Using FreeType 2.10.0
[2023.04.11-14.38.56:046][  0]LogSlate: SlateFontServices - WITH_FREETYPE: 1, WITH_HARFBUZZ: 1
[2023.04.11-14.38.56:064][  0]LogAssetRegistry: FAssetRegistry took 0.0021 seconds to start up
[2023.04.11-14.38.56:241][  0]LogInit: Selected Device Profile: [Windows]
[2023.04.11-14.38.56:241][  0]LogInit: Active device profile: [000001AADA5C8700][000001AAD20036C0 49] Windows
[2023.04.11-14.38.56:241][  0]LogInit: Profiles: [000001AADA5C8700][000001AAD20036C0 49] Windows, [000001AADA543700][000001AAD200B840 49] WindowsNoEditor, [000001AADA5CB300][000001AAD200F9C0 49] WindowsServer, [000001AADA540F00][000001AAD2013B40 49] WindowsClient, [000001AADA5CB500][000001AAD2016140 49] IOS, [000001AADA533F00][000001AAD8FFA2C0 49] iPadAir, [000001AADA543B00][000001AAD8FFE440 49] iPadAir2, [000001AADB42C500][000001AAD9006700 49] IPadPro, [000001AADB42C600][000001AAD9002740 49] iPadAir3, [000001AADA530100][000001AAD2006880 49] iPadAir4, [000001AADB42EC00][000001AAD901C9C0 49] iPadMini2, [000001AADA532500][000001AAD4C04B00 49] iPadMini3, [000001AADB42F400][000001AAD4C14C80 49] iPadMini4, [000001AADA530F00][000001AAD4D72E00 49] iPadMini5, [000001AADB42BE00][000001AAD4D7B0C0 49] iPhone6, [000001AADB42BF00][000001AAD4D77100 49] iPodTouch6, [000001AADA5CB900][000001AAD4D833C0 49] iPhone7, [000001AADA5CA100][000001AAD4D7F400 49] iPodTouch7, [000001AADB428400][000001AAD4D87580 49] iPhone5S, [000001AADB42FD00][000001AAD4D8B700 49] iPhone6Plus, [000001AADA5CB400][000001AAD4EDB880 49] iPhone6S, [000001AADB42E000][000001AAD4DA7A00 49] iPhone6SPlus, [000001AADA5C8900][000001AAD4DABB80 49] iPhone7Plus, [000001AADB42CE00][000001AAD4DAE180 49] iPhoneSE, [000001AADA5C8200][000001AAD4DB2300 49] iPhone8, [000001AADB42E400][000001AAD4DB6480 49] iPhone8Plus, [000001AADA5C9E00][000001AAD4DBA600 49] iPhoneX, [000001AADB42FE00][000001AAD4DC6780 49] iPhoneXS, [000001AADA5C9600][000001AAD2794900 49] iPhoneXSMax, [000001AADB42E500][000001AAD4C08A40 49] iPhoneXR, [000001AADA5CAA00][000001AAD8FC6B80 49] iPhone11, [000001AADB42FA00][000001AAD8FCECC0 49] iPhone11Pro, [000001AADA5C8F00][000001AADB82CE40 49] iPhone11ProMax, [000001AADB42E300][000001AABD22EFC0 49] iPhoneSE2, [000001AADA5CA700][000001AABD249140 49] iPhone12Mini, [000001AADB42C700][000001AABD24D2C0 49] iPhone12, [000001AADA5CB100][000001AABD251440 49] iPhone12Pro, [000001AADB42F500][000001AADA2D35C0 49] iPhone12ProMax, [000001AADA5C8800][000001AADA2D7740 49] iPadPro105, [000001AADB42DC00][000001AAD4BF98C0 49] iPadPro129, [000001AADA5C8300][000001AAD4BFDA40 49] iPadPro97, [000001AADB42DD00][000001AAD4C01BC0 49] iPadPro2_129, [000001AADA5C8C00][000001AADA2DA1C0 49] iPad5, [000001AADB42F000][000001AADA2DE340 49] iPad6, [000001AADA5CAC00][000001AADA2E24C0 49] iPad7, [000001AADB42EE00][000001AADA2E6640 49] iPad8, [000001AADA5C9800][000001AABD2547C0 49] iPadPro11, [000001AADB42DB00][000001AADA34A940 49] iPadPro2_11, [000001AADA5C9500][000001AAD2820AC0 49] iPadPro3_129, [000001AADB42E700][000001AAD8FF6C00 49] iPadPro4_129, [000001AADA5C8100][000001AADB5B6D40 49] AppleTV, [000001AADB42EB00][000001AADB5F6E80 49] AppleTV4K, [000001AADA5C9B00][000001AADB616FC0 49] TVOS, [000001AADB42C900][000001AADB61F140 49] Mac, [000001AADA5C9700][000001AADB6232C0 49] MacClient, [000001AADB42EF00][000001AADB637440 49] MacNoEditor, [000001AADA5C8D00][000001AADB8515C0 49] MacServer, [000001AADB42C300][000001AADB855740 49] Linux, [000001AADA5CAE00][000001AADB8598C0 49] LinuxAArch64, [000001AADB42D500][000001AADB85DA40 49] LinuxNoEditor, [000001AADA5CA400][000001AADB861BC0 49] LinuxAArch64NoEditor, [000001AADB42C200][000001AADB8641C0 49] LinuxClient, [000001AADA5CAD00][000001AADA282340 49] LinuxAArch64Client, [000001AADB42CC00][000001AADA2864C0 49] LinuxServer, [000001AADA5C8400][000001AADA29E640 49] LinuxAArch64Server, [000001AADB42D000][000001AADA2AA7C0 49] Android, [000001AADA533900][000001AADA2B2940 49] Android_Low, [000001AADB429B00][000001AADA2B6AC0 49] Android_Mid, [000001AADA533000][000001AADA2BAC40 49] Android_High, [000001AADB42A300][000001AADB61AD80 49] Android_Default, [000001AADA532000][000001AADA2C2EC0 49] Android_Adreno4xx, [000001AADB428100][000001AADA2C7000 49] Android_Adreno5xx_Low, [000001AADA530B00][000001AADA2CB140 49] Android_Adreno5xx, [000001AADB429800][000001AAD4BF32C0 49] Android_Adreno6xx, [000001AADA531100][000001AADBA29440 49] Android_Adreno6xx_Vulkan, [000001AADB428800][000001AADA3275C0 49] Android_Mali_T6xx, [000001AADA533600][000001AADA32B740 49] Android_Mali_T7xx, [000001AADB428D00][000001AADA32F8C0 49] Android_Mali_T8xx, [000001AADA533C00][000001AADA333A40 49] Android_Mali_G71, [000001AADB429500][000001AADA343BC0 49] Android_Mali_G72, [000001AADA533E00][000001AADB4BE1C0 49] Android_Mali_G72_Vulkan, [000001AADB42BD00][000001AADB550340 49] Android_Mali_G76, [000001AADA533A00][000001AADA2BE4C0 49] Android_Mali_G76_Vulkan, [000001AADB42B600][000001AADA2CE640 49] Android_Mali_G77, [000001AADA532200][000001AADB5547C0 49] Android_Mali_G77_Vulkan, [000001AADB429200][000001AADB558940 49] Android_Mali_G78, [000001AADA530A00][000001AADB55CAC0 49] Android_Mali_G78_Vulkan, [000001AADB42B000][000001AAD4CCAC40 49] Android_Mali_G710, [000001AADA531400][000001AAD4ECEDC0 49] Android_Mali_G710_Vulkan, [000001AADB428700][000001AADA346F40 49] Android_Vulkan_SM5, [000001AADA531800][000001AAD4BEF080 49] Android_PowerVR_G6xxx, [000001AADB428E00][000001AABD26B1C0 49] Android_PowerVR_GT7xxx, [000001AADA530200][000001AAD8FCB300 49] Android_PowerVR_GE8xxx, [000001AADB428600][000001AADB561480 49] Android_PowerVR_GM9xxx, [000001AADA532600][000001AADB565600 49] Android_PowerVR_GM9xxx_Vulkan, [000001AADB42CF00][000001AADB569780 49] Android_TegraK1, [000001AADA532A00][000001AADB56D900 49] Android_Unknown_Vulkan, [000001AADB42CD00][000001AADB571A80 49] Lumin, [000001AADA531200][000001AADB575C00 49] Lumin_Desktop, [000001AADB42CB00][000001AADB578200 49] HoloLens, 
[2023.04.11-14.38.56:337][  0]LogMeshReduction: Using QuadricMeshReduction for automatic static mesh reduction
[2023.04.11-14.38.56:337][  0]LogMeshReduction: Using SimplygonMeshReduction for automatic skeletal mesh reduction
[2023.04.11-14.38.56:337][  0]LogMeshReduction: Using ProxyLODMeshReduction for automatic mesh merging
[2023.04.11-14.38.56:337][  0]LogMeshReduction: No distributed automatic mesh merging module available
[2023.04.11-14.38.56:337][  0]LogMeshMerging: No distributed automatic mesh merging module available
[2023.04.11-14.38.56:350][  0]LogNetVersion: TheCardKingdom 1.0.0, NetCL: 17155196, EngineNetVer: 17, GameNetVer: 0 (Checksum: 1083281705)
[2023.04.11-14.38.56:639][  0]LogTexture: Default maximum texture size for cubemaps generated from long-lat sources has been changed from 512 to unlimited. In order to preserve old behaiour for '/Engine/MapTemplates/Sky/DaylightAmbientCubemap.DaylightAmbientCubemap', its maximum texture size has been explicitly set to 512.
[2023.04.11-14.38.56:682][  0]LogHMD: PokeAHoleMaterial loaded successfully
[2023.04.11-14.38.56:687][  0]LogUObjectArray: 17178 objects as part of root set at end of initial load.
[2023.04.11-14.38.56:687][  0]LogUObjectAllocator: 4302048 out of 0 bytes used by permanent object pool.
[2023.04.11-14.38.56:687][  0]LogUObjectArray: CloseDisregardForGC: 0/0 objects in disregard for GC pool
[2023.04.11-14.38.56:819][  0]LogNiagaraDebuggerClient: Niagara Debugger Client Initialized | Session: 521509B446463B3D28EB199195A26E02 | Instance: BE6226054ECD3D66204744A83C742989 (AUREL-2308).
[2023.04.11-14.38.56:847][  0]LogPython: Using Python 3.7.7
[2023.04.11-14.38.57:287][  0]LogUdpMessaging: Initializing bridge on interface 0.0.0.0:0 to multicast group 230.0.0.1:6666.
[2023.04.11-14.38.57:295][  0]LogTcpMessaging: Initializing TcpMessaging bridge
[2023.04.11-14.38.57:653][  0]SourceControl: Source control is disabled
[2023.04.11-14.38.57:653][  0]SourceControl: Source control is disabled
[2023.04.11-14.38.57:655][  0]SourceControl: Source control is disabled
[2023.04.11-14.38.57:658][  0]SourceControl: Source control is disabled
[2023.04.11-14.38.57:674][  0]SourceControl: Source control is disabled
[2023.04.11-14.38.57:679][  0]LogUProjectInfo: Found projects:
[2023.04.11-14.38.57:787][  0]LogOpenImageDenoise: OIDN starting up
[2023.04.11-14.38.57:828][  0]LogAndroidPermission: UAndroidPermissionCallbackProxy::GetInstance
[2023.04.11-14.38.57:846][  0]LogAudioCaptureCore: Display: No Audio Capture implementations found. Audio input will be silent.
[2023.04.11-14.38.57:846][  0]LogAudioCaptureCore: Display: No Audio Capture implementations found. Audio input will be silent.
[2023.04.11-14.38.57:993][  0]LogOcInput: OculusInput pre-init called
[2023.04.11-14.38.58:139][  0]LogCollectionManager: Loaded 0 collections in 0.000596 seconds
[2023.04.11-14.38.58:189][  0]LogFileCache: Scanning file cache for directory 'E:/Projets/2022-2023-project-4-game-design-Team-6/TheCardKingdom/Saved/Collections/' took 0.00s
[2023.04.11-14.38.58:189][  0]LogFileCache: Scanning file cache for directory 'E:/Projets/2022-2023-project-4-game-design-Team-6/TheCardKingdom/Content/Developers/AurélienFernandez/Collections/' took 0.00s
[2023.04.11-14.38.58:189][  0]LogFileCache: Scanning file cache for directory 'E:/Projets/2022-2023-project-4-game-design-Team-6/TheCardKingdom/Content/Collections/' took 0.00s
[2023.04.11-14.38.58:189][  0]LogEngine: Initializing Engine...
[2023.04.11-14.38.58:225][  0]LogHMD: Failed to enumerate extensions. Please check that you have a valid OpenXR runtime installed.
[2023.04.11-14.38.58:226][  0]LogHMD: Failed to initialize OpenVR with code 100
[2023.04.11-14.38.58:226][  0]LogMagicLeap: Warning: VR disabled because ZI is not enabled.  To enable, in the editor, Edit -> Project Settings -> Plugins -> Magic Leap Plugin -> Enable Zero Iteration
[2023.04.11-14.38.58:226][  0]LogStats: UGameplayTagsManager::InitializeManager -  0.000 s
[2023.04.11-14.38.58:333][  0]LogInit: Initializing FReadOnlyCVARCache
[2023.04.11-14.38.58:339][  0]LogAIModule: Creating AISystem for world Untitled
[2023.04.11-14.38.58:340][  0]LogAudio: Display: Initializing Audio Device Manager...
[2023.04.11-14.38.58:343][  0]LogAudio: Display: Loading Default Audio Settings Objects...
[2023.04.11-14.38.58:343][  0]LogAudio: Display: No default SoundConcurrencyObject specified (or failed to load).
[2023.04.11-14.38.58:344][  0]LogAudio: Display: Audio Device Manager Initialized
[2023.04.11-14.38.58:344][  0]LogAudio: Display: Creating Audio Device:                 Id: 1, Scope: Shared, Realtime: True
[2023.04.11-14.38.58:344][  0]LogAudioMixer: Display: Audio Mixer Platform Settings:
[2023.04.11-14.38.58:344][  0]LogAudioMixer: Display: 	Sample Rate:						  48000
[2023.04.11-14.38.58:344][  0]LogAudioMixer: Display: 	Callback Buffer Frame Size Requested: 1024
[2023.04.11-14.38.58:344][  0]LogAudioMixer: Display: 	Callback Buffer Frame Size To Use:	  1024
[2023.04.11-14.38.58:344][  0]LogAudioMixer: Display: 	Number of buffers to queue:			  2
[2023.04.11-14.38.58:344][  0]LogAudioMixer: Display: 	Max Channels (voices):				  32
[2023.04.11-14.38.58:344][  0]LogAudioMixer: Display: 	Number of Async Source Workers:		  0
[2023.04.11-14.38.58:344][  0]LogAudio: Display: AudioDevice MaxSources: 32
[2023.04.11-14.38.58:344][  0]LogAudio: Display: Audio Spatialization Plugin: None (built-in).
[2023.04.11-14.38.58:344][  0]LogAudio: Display: Audio Reverb Plugin: None (built-in).
[2023.04.11-14.38.58:344][  0]LogAudio: Display: Audio Occlusion Plugin: None (built-in).
[2023.04.11-14.38.58:344][  0]LogAudioMixer: Display: Initializing audio mixer.
[2023.04.11-14.38.58:352][  0]LogAudioMixer: Display: 0: FrontLeft
[2023.04.11-14.38.58:352][  0]LogAudioMixer: Display: 1: FrontRight
[2023.04.11-14.38.58:362][  0]LogAudioMixer: Display: Using Audio Device Casque (Oculus Virtual Audio Device)
[2023.04.11-14.38.58:366][  0]LogAudioMixer: Display: Initializing Sound Submixes...
[2023.04.11-14.38.58:368][  0]LogAudioMixer: Display: Creating Master Submix 'MasterSubmixDefault'
[2023.04.11-14.38.58:368][  0]LogAudioMixer: Display: Creating Master Submix 'MasterReverbSubmixDefault'
[2023.04.11-14.38.58:369][  0]LogAudioMixer: Display: Creating Master Submix 'MasterEQSubmixDefault'
[2023.04.11-14.38.58:369][  0]LogAudioMixer: FMixerPlatformXAudio2::StartAudioStream() called
[2023.04.11-14.38.58:369][  0]LogAudioMixer: Display: Output buffers initialized: Frames=1024, Channels=2, Samples=2048
[2023.04.11-14.38.58:370][  0]LogAudioMixer: Display: Starting AudioMixerPlatformInterface::RunInternal()
[2023.04.11-14.38.58:370][  0]LogAudioMixer: Display: FMixerPlatformXAudio2::SubmitBuffer() called for the first time
[2023.04.11-14.38.58:370][  0]LogInit: FAudioDevice initialized.
[2023.04.11-14.38.58:370][  0]LogAudio: Display: Audio Device (ID: 1) registered with world 'Untitled'.
[2023.04.11-14.38.58:370][  0]LogNetVersion: Set ProjectVersion to 1.0.0.0. Version Checksum will be recalculated on next use.
[2023.04.11-14.38.58:448][  0]LogDerivedDataCache: Saved boot cache 0.08s 94MB C:/Users/Aurélien Fernandez/AppData/Local/UnrealEngine/4.27/DerivedDataCache/Boot.ddc.
[2023.04.11-14.38.58:448][  0]LogInit: Texture streaming: Enabled
[2023.04.11-14.38.58:460][  0]LogAnalytics: Display: [UEEditor.Rocket.Release] APIServer = https://datarouter.ol.epicgames.com/. AppVersion = 4.27.2-18319896+++UE4+Release-4.27
[2023.04.11-14.38.58:464][  0]LogEngineSessionManager: EngineSessionManager initialized
[2023.04.11-14.38.58:464][  0]LogEditorSessionSummary: Verbose: Initializing EditorSessionSummaryWriter for editor session tracking
[2023.04.11-14.38.58:468][  0]LogEditorSessionSummary: EditorSessionSummaryWriter initialized
[2023.04.11-14.38.58:508][  0]LogInit: Transaction tracking system initialized
[2023.04.11-14.38.58:526][  0]BlueprintLog: New page: Editor Load
[2023.04.11-14.38.58:579][  0]LocalizationService: Localization service is disabled
[2023.04.11-14.38.58:599][  0]TimingProfiler: Initialize
[2023.04.11-14.38.58:599][  0]TimingProfiler: OnSessionChanged
[2023.04.11-14.38.58:599][  0]LoadingProfiler: Initialize
[2023.04.11-14.38.58:599][  0]LoadingProfiler: OnSessionChanged
[2023.04.11-14.38.58:599][  0]NetworkingProfiler: Initialize
[2023.04.11-14.38.58:599][  0]NetworkingProfiler: OnSessionChanged
[2023.04.11-14.38.58:599][  0]MemoryProfiler: Initialize
[2023.04.11-14.38.58:599][  0]MemoryProfiler: OnSessionChanged
[2023.04.11-14.38.58:741][  0]LogCook: Display: CookSettings for Memory: MemoryMaxUsedVirtual 0MiB, MemoryMaxUsedPhysical 16384MiB, MemoryMinFreeVirtual 0MiB, MemoryMinFreePhysical 1024MiB
[2023.04.11-14.38.58:741][  0]LogCook: Display: Mobile HDR setting 1
[2023.04.11-14.38.58:892][  0]LogFileCache: Scanning file cache for directory 'E:/Projets/2022-2023-project-4-game-design-Team-6/TheCardKingdom/Content/' took 0.01s
[2023.04.11-14.38.59:033][  0]LogInit: Display: Engine is initialized. Leaving FEngineLoop::Init()
[2023.04.11-14.38.59:037][  0]SourceControl: Source control is disabled
[2023.04.11-14.38.59:037][  0]LogUnrealEdMisc: Loading editor; pre map load, took 6.338
[2023.04.11-14.38.59:037][  0]Cmd: MAP LOAD FILE="E:/Projets/2022-2023-project-4-game-design-Team-6/TheCardKingdom/Content/TheCardKingdom/Levels/MainMenu.umap" TEMPLATE=0 SHOWPROGRESS=1 FEATURELEVEL=3
[2023.04.11-14.38.59:041][  0]LightingResults: New page: Lighting Build
[2023.04.11-14.38.59:042][  0]LogWorld: UWorld::CleanupWorld for Untitled, bSessionEnded=true, bCleanupResources=true
[2023.04.11-14.38.59:042][  0]LogSlate: InvalidateAllWidgets triggered.  All widgets were invalidated
[2023.04.11-14.38.59:043][  0]MapCheck: New page: Map Check
[2023.04.11-14.38.59:043][  0]LightingResults: New page: Lighting Build
[2023.04.11-14.38.59:047][  0]LogAudio: Display: Audio Device unregistered from world 'None'.
[2023.04.11-14.38.59:050][  0]LogUObjectHash: Compacting FUObjectHashTables data took   0.70ms
[2023.04.11-14.39.00:050][  0]LogAudio: Display: Audio Device (ID: 1) registered with world 'MainMenu'.
[2023.04.11-14.39.00:050][  0]LogAIModule: Creating AISystem for world MainMenu
[2023.04.11-14.39.00:051][  0]LogEditorServer: Finished looking for orphan Actors (0.000 secs)
[2023.04.11-14.39.00:058][  0]LogUObjectHash: Compacting FUObjectHashTables data took   0.82ms
[2023.04.11-14.39.00:058][  0]Cmd: MAP CHECKDEP NOCLEARLOG
[2023.04.11-14.39.00:058][  0]MapCheck: Map check complete: 0 Error(s), 0 Warning(s), took 0,066ms to complete.
[2023.04.11-14.39.00:058][  0]LogFileHelpers: Loading map 'MainMenu' took 1.021
[2023.04.11-14.39.00:060][  0]LogUnrealEdMisc: Total Editor Startup Time, took 7.361
[2023.04.11-14.39.00:193][  0]LogSlate: Updating window title bar state: overlay mode, drag disabled, window buttons hidden, title bar hidden
[2023.04.11-14.39.00:197][  0]LogSlate: Updating window title bar state: overlay mode, drag disabled, window buttons hidden, title bar hidden
[2023.04.11-14.39.00:201][  0]LogSlate: Updating window title bar state: overlay mode, drag disabled, window buttons hidden, title bar hidden
[2023.04.11-14.39.00:205][  0]LogSlate: Updating window title bar state: overlay mode, drag disabled, window buttons hidden, title bar hidden
[2023.04.11-14.39.00:220][  0]LogNativeClassHierarchy: Verbose: Native class hierarchy populated in 0.0076 seconds. Added 3823 classes and 930 folders.
[2023.04.11-14.39.00:221][  0]LogNativeClassHierarchy: Verbose: Native class hierarchy updated for 'WidgetCarousel' in 0.0002 seconds. Added 0 classes and 0 folders.
[2023.04.11-14.39.00:232][  0]LogPakFile: PakFile PrimaryIndexSize=187
[2023.04.11-14.39.00:232][  0]LogPakFile: PakFile PathHashIndexSize=101
[2023.04.11-14.39.00:232][  0]LogPakFile: PakFile FullDirectoryIndexSize=148
[2023.04.11-14.39.00:232][  0]LogShaderLibrary: Display: ShaderCodeLibraryPakFileMountedCallback: PakFile 'D:/UE_4.27/FeaturePacks/FP_FirstPerson.upack' (chunk index -1, root 'root:/') mounted
[2023.04.11-14.39.00:232][  0]LogShaderLibrary: Display: ShaderCodeLibraryPakFileMountedCallback: pending pak file info (ChunkID:-1 Root:root:/ File:D:/UE_4.27/FeaturePacks/FP_FirstPerson.upack)
[2023.04.11-14.39.00:232][  0]LogPakFile: OnPakFileMounted2Time == 0.000053
[2023.04.11-14.39.00:238][  0]LogPakFile: PakFile PrimaryIndexSize=189
[2023.04.11-14.39.00:238][  0]LogPakFile: PakFile PathHashIndexSize=101
[2023.04.11-14.39.00:238][  0]LogPakFile: PakFile FullDirectoryIndexSize=152
[2023.04.11-14.39.00:238][  0]LogShaderLibrary: Display: ShaderCodeLibraryPakFileMountedCallback: PakFile 'D:/UE_4.27/FeaturePacks/FP_FirstPersonBP.upack' (chunk index -1, root 'root:/') mounted
[2023.04.11-14.39.00:238][  0]LogShaderLibrary: Display: ShaderCodeLibraryPakFileMountedCallback: pending pak file info (ChunkID:-1 Root:root:/ File:D:/UE_4.27/FeaturePacks/FP_FirstPersonBP.upack)
[2023.04.11-14.39.00:238][  0]LogPakFile: OnPakFileMounted2Time == 0.000035
[2023.04.11-14.39.00:242][  0]LogPakFile: PakFile PrimaryIndexSize=191
[2023.04.11-14.39.00:242][  0]LogPakFile: PakFile PathHashIndexSize=101
[2023.04.11-14.39.00:242][  0]LogPakFile: PakFile FullDirectoryIndexSize=160
[2023.04.11-14.39.00:242][  0]LogShaderLibrary: Display: ShaderCodeLibraryPakFileMountedCallback: PakFile 'D:/UE_4.27/FeaturePacks/MobileStarterContent.upack' (chunk index -1, root 'root:/') mounted
[2023.04.11-14.39.00:242][  0]LogShaderLibrary: Display: ShaderCodeLibraryPakFileMountedCallback: pending pak file info (ChunkID:-1 Root:root:/ File:D:/UE_4.27/FeaturePacks/MobileStarterContent.upack)
[2023.04.11-14.39.00:242][  0]LogPakFile: OnPakFileMounted2Time == 0.000025
[2023.04.11-14.39.00:245][  0]LogPakFile: PakFile PrimaryIndexSize=185
[2023.04.11-14.39.00:245][  0]LogPakFile: PakFile PathHashIndexSize=101
[2023.04.11-14.39.00:245][  0]LogPakFile: PakFile FullDirectoryIndexSize=148
[2023.04.11-14.39.00:245][  0]LogShaderLibrary: Display: ShaderCodeLibraryPakFileMountedCallback: PakFile 'D:/UE_4.27/FeaturePacks/StarterContent.upack' (chunk index -1, root 'root:/') mounted
[2023.04.11-14.39.00:245][  0]LogShaderLibrary: Display: ShaderCodeLibraryPakFileMountedCallback: pending pak file info (ChunkID:-1 Root:root:/ File:D:/UE_4.27/FeaturePacks/StarterContent.upack)
[2023.04.11-14.39.00:245][  0]LogPakFile: OnPakFileMounted2Time == 0.000031
[2023.04.11-14.39.00:248][  0]LogPakFile: PakFile PrimaryIndexSize=190
[2023.04.11-14.39.00:248][  0]LogPakFile: PakFile PathHashIndexSize=101
[2023.04.11-14.39.00:249][  0]LogPakFile: PakFile FullDirectoryIndexSize=154
[2023.04.11-14.39.00:249][  0]LogShaderLibrary: Display: ShaderCodeLibraryPakFileMountedCallback: PakFile 'D:/UE_4.27/FeaturePacks/TP_2DSideScroller.upack' (chunk index -1, root 'root:/') mounted
[2023.04.11-14.39.00:249][  0]LogShaderLibrary: Display: ShaderCodeLibraryPakFileMountedCallback: pending pak file info (ChunkID:-1 Root:root:/ File:D:/UE_4.27/FeaturePacks/TP_2DSideScroller.upack)
[2023.04.11-14.39.00:249][  0]LogPakFile: OnPakFileMounted2Time == 0.000029
[2023.04.11-14.39.00:252][  0]LogPakFile: PakFile PrimaryIndexSize=192
[2023.04.11-14.39.00:252][  0]LogPakFile: PakFile PathHashIndexSize=101
[2023.04.11-14.39.00:252][  0]LogPakFile: PakFile FullDirectoryIndexSize=158
[2023.04.11-14.39.00:252][  0]LogShaderLibrary: Display: ShaderCodeLibraryPakFileMountedCallback: PakFile 'D:/UE_4.27/FeaturePacks/TP_2DSideScrollerBP.upack' (chunk index -1, root 'root:/') mounted
[2023.04.11-14.39.00:252][  0]LogShaderLibrary: Display: ShaderCodeLibraryPakFileMountedCallback: pending pak file info (ChunkID:-1 Root:root:/ File:D:/UE_4.27/FeaturePacks/TP_2DSideScrollerBP.upack)
[2023.04.11-14.39.00:252][  0]LogPakFile: OnPakFileMounted2Time == 0.000029
[2023.04.11-14.39.00:255][  0]LogPakFile: PakFile PrimaryIndexSize=182
[2023.04.11-14.39.00:255][  0]LogPakFile: PakFile PathHashIndexSize=101
[2023.04.11-14.39.00:255][  0]LogPakFile: PakFile FullDirectoryIndexSize=138
[2023.04.11-14.39.00:255][  0]LogShaderLibrary: Display: ShaderCodeLibraryPakFileMountedCallback: PakFile 'D:/UE_4.27/FeaturePacks/TP_Flying.upack' (chunk index -1, root 'root:/') mounted
[2023.04.11-14.39.00:255][  0]LogShaderLibrary: Display: ShaderCodeLibraryPakFileMountedCallback: pending pak file info (ChunkID:-1 Root:root:/ File:D:/UE_4.27/FeaturePacks/TP_Flying.upack)
[2023.04.11-14.39.00:255][  0]LogPakFile: OnPakFileMounted2Time == 0.000029
[2023.04.11-14.39.00:259][  0]LogPakFile: PakFile PrimaryIndexSize=184
[2023.04.11-14.39.00:259][  0]LogPakFile: PakFile PathHashIndexSize=101
[2023.04.11-14.39.00:259][  0]LogPakFile: PakFile FullDirectoryIndexSize=142
[2023.04.11-14.39.00:259][  0]LogShaderLibrary: Display: ShaderCodeLibraryPakFileMountedCallback: PakFile 'D:/UE_4.27/FeaturePacks/TP_FlyingBP.upack' (chunk index -1, root 'root:/') mounted
[2023.04.11-14.39.00:259][  0]LogShaderLibrary: Display: ShaderCodeLibraryPakFileMountedCallback: pending pak file info (ChunkID:-1 Root:root:/ File:D:/UE_4.27/FeaturePacks/TP_FlyingBP.upack)
[2023.04.11-14.39.00:259][  0]LogPakFile: OnPakFileMounted2Time == 0.000029
[2023.04.11-14.39.00:263][  0]LogPakFile: PakFile PrimaryIndexSize=188
[2023.04.11-14.39.00:263][  0]LogPakFile: PakFile PathHashIndexSize=101
[2023.04.11-14.39.00:263][  0]LogPakFile: PakFile FullDirectoryIndexSize=150
[2023.04.11-14.39.00:263][  0]LogShaderLibrary: Display: ShaderCodeLibraryPakFileMountedCallback: PakFile 'D:/UE_4.27/FeaturePacks/TP_HandheldARBP.upack' (chunk index -1, root 'root:/') mounted
[2023.04.11-14.39.00:263][  0]LogShaderLibrary: Display: ShaderCodeLibraryPakFileMountedCallback: pending pak file info (ChunkID:-1 Root:root:/ File:D:/UE_4.27/FeaturePacks/TP_HandheldARBP.upack)
[2023.04.11-14.39.00:263][  0]LogPakFile: OnPakFileMounted2Time == 0.000028
[2023.04.11-14.39.00:267][  0]LogPakFile: PakFile PrimaryIndexSize=182
[2023.04.11-14.39.00:267][  0]LogPakFile: PakFile PathHashIndexSize=101
[2023.04.11-14.39.00:267][  0]LogPakFile: PakFile FullDirectoryIndexSize=138
[2023.04.11-14.39.00:267][  0]LogShaderLibrary: Display: ShaderCodeLibraryPakFileMountedCallback: PakFile 'D:/UE_4.27/FeaturePacks/TP_Puzzle.upack' (chunk index -1, root 'root:/') mounted
[2023.04.11-14.39.00:267][  0]LogShaderLibrary: Display: ShaderCodeLibraryPakFileMountedCallback: pending pak file info (ChunkID:-1 Root:root:/ File:D:/UE_4.27/FeaturePacks/TP_Puzzle.upack)
[2023.04.11-14.39.00:267][  0]LogPakFile: OnPakFileMounted2Time == 0.000029
[2023.04.11-14.39.00:270][  0]LogPakFile: PakFile PrimaryIndexSize=184
[2023.04.11-14.39.00:270][  0]LogPakFile: PakFile PathHashIndexSize=101
[2023.04.11-14.39.00:271][  0]LogPakFile: PakFile FullDirectoryIndexSize=142
[2023.04.11-14.39.00:271][  0]LogShaderLibrary: Display: ShaderCodeLibraryPakFileMountedCallback: PakFile 'D:/UE_4.27/FeaturePacks/TP_PuzzleBP.upack' (chunk index -1, root 'root:/') mounted
[2023.04.11-14.39.00:271][  0]LogShaderLibrary: Display: ShaderCodeLibraryPakFileMountedCallback: pending pak file info (ChunkID:-1 Root:root:/ File:D:/UE_4.27/FeaturePacks/TP_PuzzleBP.upack)
[2023.04.11-14.39.00:271][  0]LogPakFile: OnPakFileMounted2Time == 0.000030
[2023.04.11-14.39.00:274][  0]LogPakFile: PakFile PrimaryIndexSize=183
[2023.04.11-14.39.00:274][  0]LogPakFile: PakFile PathHashIndexSize=101
[2023.04.11-14.39.00:274][  0]LogPakFile: PakFile FullDirectoryIndexSize=140
[2023.04.11-14.39.00:274][  0]LogShaderLibrary: Display: ShaderCodeLibraryPakFileMountedCallback: PakFile 'D:/UE_4.27/FeaturePacks/TP_Rolling.upack' (chunk index -1, root 'root:/') mounted
[2023.04.11-14.39.00:274][  0]LogShaderLibrary: Display: ShaderCodeLibraryPakFileMountedCallback: pending pak file info (ChunkID:-1 Root:root:/ File:D:/UE_4.27/FeaturePacks/TP_Rolling.upack)
[2023.04.11-14.39.00:274][  0]LogPakFile: OnPakFileMounted2Time == 0.000028
[2023.04.11-14.39.00:277][  0]LogPakFile: PakFile PrimaryIndexSize=185
[2023.04.11-14.39.00:277][  0]LogPakFile: PakFile PathHashIndexSize=101
[2023.04.11-14.39.00:277][  0]LogPakFile: PakFile FullDirectoryIndexSize=144
[2023.04.11-14.39.00:277][  0]LogShaderLibrary: Display: ShaderCodeLibraryPakFileMountedCallback: PakFile 'D:/UE_4.27/FeaturePacks/TP_RollingBP.upack' (chunk index -1, root 'root:/') mounted
[2023.04.11-14.39.00:277][  0]LogShaderLibrary: Display: ShaderCodeLibraryPakFileMountedCallback: pending pak file info (ChunkID:-1 Root:root:/ File:D:/UE_4.27/FeaturePacks/TP_RollingBP.upack)
[2023.04.11-14.39.00:277][  0]LogPakFile: OnPakFileMounted2Time == 0.000023
[2023.04.11-14.39.00:281][  0]LogPakFile: PakFile PrimaryIndexSize=188
[2023.04.11-14.39.00:281][  0]LogPakFile: PakFile PathHashIndexSize=101
[2023.04.11-14.39.00:281][  0]LogPakFile: PakFile FullDirectoryIndexSize=150
[2023.04.11-14.39.00:281][  0]LogShaderLibrary: Display: ShaderCodeLibraryPakFileMountedCallback: PakFile 'D:/UE_4.27/FeaturePacks/TP_SideScroller.upack' (chunk index -1, root 'root:/') mounted
[2023.04.11-14.39.00:281][  0]LogShaderLibrary: Display: ShaderCodeLibraryPakFileMountedCallback: pending pak file info (ChunkID:-1 Root:root:/ File:D:/UE_4.27/FeaturePacks/TP_SideScroller.upack)
[2023.04.11-14.39.00:281][  0]LogPakFile: OnPakFileMounted2Time == 0.000029
[2023.04.11-14.39.00:284][  0]LogPakFile: PakFile PrimaryIndexSize=190
[2023.04.11-14.39.00:284][  0]LogPakFile: PakFile PathHashIndexSize=101
[2023.04.11-14.39.00:284][  0]LogPakFile: PakFile FullDirectoryIndexSize=154
[2023.04.11-14.39.00:284][  0]LogShaderLibrary: Display: ShaderCodeLibraryPakFileMountedCallback: PakFile 'D:/UE_4.27/FeaturePacks/TP_SideScrollerBP.upack' (chunk index -1, root 'root:/') mounted
[2023.04.11-14.39.00:284][  0]LogShaderLibrary: Display: ShaderCodeLibraryPakFileMountedCallback: pending pak file info (ChunkID:-1 Root:root:/ File:D:/UE_4.27/FeaturePacks/TP_SideScrollerBP.upack)
[2023.04.11-14.39.00:284][  0]LogPakFile: OnPakFileMounted2Time == 0.000029
[2023.04.11-14.39.00:288][  0]LogPakFile: PakFile PrimaryIndexSize=187
[2023.04.11-14.39.00:288][  0]LogPakFile: PakFile PathHashIndexSize=101
[2023.04.11-14.39.00:288][  0]LogPakFile: PakFile FullDirectoryIndexSize=148
[2023.04.11-14.39.00:288][  0]LogShaderLibrary: Display: ShaderCodeLibraryPakFileMountedCallback: PakFile 'D:/UE_4.27/FeaturePacks/TP_ThirdPerson.upack' (chunk index -1, root 'root:/') mounted
[2023.04.11-14.39.00:288][  0]LogShaderLibrary: Display: ShaderCodeLibraryPakFileMountedCallback: pending pak file info (ChunkID:-1 Root:root:/ File:D:/UE_4.27/FeaturePacks/TP_ThirdPerson.upack)
[2023.04.11-14.39.00:288][  0]LogPakFile: OnPakFileMounted2Time == 0.000029
[2023.04.11-14.39.00:291][  0]LogPakFile: PakFile PrimaryIndexSize=189
[2023.04.11-14.39.00:291][  0]LogPakFile: PakFile PathHashIndexSize=101
[2023.04.11-14.39.00:291][  0]LogPakFile: PakFile FullDirectoryIndexSize=152
[2023.04.11-14.39.00:291][  0]LogShaderLibrary: Display: ShaderCodeLibraryPakFileMountedCallback: PakFile 'D:/UE_4.27/FeaturePacks/TP_ThirdPersonBP.upack' (chunk index -1, root 'root:/') mounted
[2023.04.11-14.39.00:291][  0]LogShaderLibrary: Display: ShaderCodeLibraryPakFileMountedCallback: pending pak file info (ChunkID:-1 Root:root:/ File:D:/UE_4.27/FeaturePacks/TP_ThirdPersonBP.upack)
[2023.04.11-14.39.00:291][  0]LogPakFile: OnPakFileMounted2Time == 0.000023
[2023.04.11-14.39.00:295][  0]LogPakFile: PakFile PrimaryIndexSize=183
[2023.04.11-14.39.00:295][  0]LogPakFile: PakFile PathHashIndexSize=101
[2023.04.11-14.39.00:295][  0]LogPakFile: PakFile FullDirectoryIndexSize=140
[2023.04.11-14.39.00:295][  0]LogShaderLibrary: Display: ShaderCodeLibraryPakFileMountedCallback: PakFile 'D:/UE_4.27/FeaturePacks/TP_TopDown.upack' (chunk index -1, root 'root:/') mounted
[2023.04.11-14.39.00:295][  0]LogShaderLibrary: Display: ShaderCodeLibraryPakFileMountedCallback: pending pak file info (ChunkID:-1 Root:root:/ File:D:/UE_4.27/FeaturePacks/TP_TopDown.upack)
[2023.04.11-14.39.00:295][  0]LogPakFile: OnPakFileMounted2Time == 0.000036
[2023.04.11-14.39.00:298][  0]LogPakFile: PakFile PrimaryIndexSize=185
[2023.04.11-14.39.00:298][  0]LogPakFile: PakFile PathHashIndexSize=101
[2023.04.11-14.39.00:298][  0]LogPakFile: PakFile FullDirectoryIndexSize=144
[2023.04.11-14.39.00:298][  0]LogShaderLibrary: Display: ShaderCodeLibraryPakFileMountedCallback: PakFile 'D:/UE_4.27/FeaturePacks/TP_TopDownBP.upack' (chunk index -1, root 'root:/') mounted
[2023.04.11-14.39.00:298][  0]LogShaderLibrary: Display: ShaderCodeLibraryPakFileMountedCallback: pending pak file info (ChunkID:-1 Root:root:/ File:D:/UE_4.27/FeaturePacks/TP_TopDownBP.upack)
[2023.04.11-14.39.00:298][  0]LogPakFile: OnPakFileMounted2Time == 0.000028
[2023.04.11-14.39.00:304][  0]LogPakFile: PakFile PrimaryIndexSize=185
[2023.04.11-14.39.00:304][  0]LogPakFile: PakFile PathHashIndexSize=101
[2023.04.11-14.39.00:304][  0]LogPakFile: PakFile FullDirectoryIndexSize=144
[2023.04.11-14.39.00:304][  0]LogShaderLibrary: Display: ShaderCodeLibraryPakFileMountedCallback: PakFile 'D:/UE_4.27/FeaturePacks/TP_TwinStick.upack' (chunk index -1, root 'root:/') mounted
[2023.04.11-14.39.00:304][  0]LogShaderLibrary: Display: ShaderCodeLibraryPakFileMountedCallback: pending pak file info (ChunkID:-1 Root:root:/ File:D:/UE_4.27/FeaturePacks/TP_TwinStick.upack)
[2023.04.11-14.39.00:304][  0]LogPakFile: OnPakFileMounted2Time == 0.000028
[2023.04.11-14.39.00:308][  0]LogPakFile: PakFile PrimaryIndexSize=187
[2023.04.11-14.39.00:308][  0]LogPakFile: PakFile PathHashIndexSize=101
[2023.04.11-14.39.00:308][  0]LogPakFile: PakFile FullDirectoryIndexSize=148
[2023.04.11-14.39.00:308][  0]LogShaderLibrary: Display: ShaderCodeLibraryPakFileMountedCallback: PakFile 'D:/UE_4.27/FeaturePacks/TP_TwinStickBP.upack' (chunk index -1, root 'root:/') mounted
[2023.04.11-14.39.00:308][  0]LogShaderLibrary: Display: ShaderCodeLibraryPakFileMountedCallback: pending pak file info (ChunkID:-1 Root:root:/ File:D:/UE_4.27/FeaturePacks/TP_TwinStickBP.upack)
[2023.04.11-14.39.00:308][  0]LogPakFile: OnPakFileMounted2Time == 0.000029
[2023.04.11-14.39.00:311][  0]LogPakFile: PakFile PrimaryIndexSize=183
[2023.04.11-14.39.00:311][  0]LogPakFile: PakFile PathHashIndexSize=101
[2023.04.11-14.39.00:311][  0]LogPakFile: PakFile FullDirectoryIndexSize=140
[2023.04.11-14.39.00:311][  0]LogShaderLibrary: Display: ShaderCodeLibraryPakFileMountedCallback: PakFile 'D:/UE_4.27/FeaturePacks/TP_Vehicle.upack' (chunk index -1, root 'root:/') mounted
[2023.04.11-14.39.00:311][  0]LogShaderLibrary: Display: ShaderCodeLibraryPakFileMountedCallback: pending pak file info (ChunkID:-1 Root:root:/ File:D:/UE_4.27/FeaturePacks/TP_Vehicle.upack)
[2023.04.11-14.39.00:311][  0]LogPakFile: OnPakFileMounted2Time == 0.000028
[2023.04.11-14.39.00:315][  0]LogPakFile: PakFile PrimaryIndexSize=186
[2023.04.11-14.39.00:315][  0]LogPakFile: PakFile PathHashIndexSize=101
[2023.04.11-14.39.00:315][  0]LogPakFile: PakFile FullDirectoryIndexSize=146
[2023.04.11-14.39.00:315][  0]LogShaderLibrary: Display: ShaderCodeLibraryPakFileMountedCallback: PakFile 'D:/UE_4.27/FeaturePacks/TP_VehicleAdv.upack' (chunk index -1, root 'root:/') mounted
[2023.04.11-14.39.00:315][  0]LogShaderLibrary: Display: ShaderCodeLibraryPakFileMountedCallback: pending pak file info (ChunkID:-1 Root:root:/ File:D:/UE_4.27/FeaturePacks/TP_VehicleAdv.upack)
[2023.04.11-14.39.00:315][  0]LogPakFile: OnPakFileMounted2Time == 0.000029
[2023.04.11-14.39.00:318][  0]LogPakFile: PakFile PrimaryIndexSize=188
[2023.04.11-14.39.00:318][  0]LogPakFile: PakFile PathHashIndexSize=101
[2023.04.11-14.39.00:318][  0]LogPakFile: PakFile FullDirectoryIndexSize=150
[2023.04.11-14.39.00:318][  0]LogShaderLibrary: Display: ShaderCodeLibraryPakFileMountedCallback: PakFile 'D:/UE_4.27/FeaturePacks/TP_VehicleAdvBP.upack' (chunk index -1, root 'root:/') mounted
[2023.04.11-14.39.00:318][  0]LogShaderLibrary: Display: ShaderCodeLibraryPakFileMountedCallback: pending pak file info (ChunkID:-1 Root:root:/ File:D:/UE_4.27/FeaturePacks/TP_VehicleAdvBP.upack)
[2023.04.11-14.39.00:318][  0]LogPakFile: OnPakFileMounted2Time == 0.000029
[2023.04.11-14.39.00:321][  0]LogPakFile: PakFile PrimaryIndexSize=185
[2023.04.11-14.39.00:321][  0]LogPakFile: PakFile PathHashIndexSize=101
[2023.04.11-14.39.00:321][  0]LogPakFile: PakFile FullDirectoryIndexSize=144
[2023.04.11-14.39.00:321][  0]LogShaderLibrary: Display: ShaderCodeLibraryPakFileMountedCallback: PakFile 'D:/UE_4.27/FeaturePacks/TP_VehicleBP.upack' (chunk index -1, root 'root:/') mounted
[2023.04.11-14.39.00:321][  0]LogShaderLibrary: Display: ShaderCodeLibraryPakFileMountedCallback: pending pak file info (ChunkID:-1 Root:root:/ File:D:/UE_4.27/FeaturePacks/TP_VehicleBP.upack)
[2023.04.11-14.39.00:321][  0]LogPakFile: OnPakFileMounted2Time == 0.000030
[2023.04.11-14.39.00:325][  0]LogPakFile: PakFile PrimaryIndexSize=192
[2023.04.11-14.39.00:325][  0]LogPakFile: PakFile PathHashIndexSize=101
[2023.04.11-14.39.00:325][  0]LogPakFile: PakFile FullDirectoryIndexSize=158
[2023.04.11-14.39.00:325][  0]LogShaderLibrary: Display: ShaderCodeLibraryPakFileMountedCallback: PakFile 'D:/UE_4.27/FeaturePacks/TP_VirtualRealityBP.upack' (chunk index -1, root 'root:/') mounted
[2023.04.11-14.39.00:325][  0]LogShaderLibrary: Display: ShaderCodeLibraryPakFileMountedCallback: pending pak file info (ChunkID:-1 Root:root:/ File:D:/UE_4.27/FeaturePacks/TP_VirtualRealityBP.upack)
[2023.04.11-14.39.00:325][  0]LogPakFile: OnPakFileMounted2Time == 0.000031
[2023.04.11-14.39.00:562][  0]LogNativeClassHierarchy: Verbose: Native class hierarchy updated for 'AddContentDialog' in 0.0003 seconds. Added 0 classes and 0 folders.
[2023.04.11-14.39.00:563][  0]LogNativeClassHierarchy: Verbose: Native class hierarchy updated for 'SceneOutliner' in 0.0001 seconds. Added 2 classes and 0 folders.
[2023.04.11-14.39.00:607][  0]LogSlate: Took 0.000229 seconds to synchronously load lazily loaded font '../../../Engine/Content/Slate/Fonts/Roboto-Regular.ttf' (155K)
[2023.04.11-14.39.00:611][  0]LogSlate: Took 0.003724 seconds to synchronously load lazily loaded font '../../../Engine/Content/Editor/Slate/Fonts/FontAwesome.ttf' (139K)
[2023.04.11-14.39.00:612][  0]LogSlate: Took 0.000159 seconds to synchronously load lazily loaded font '../../../Engine/Content/Slate/Fonts/Roboto-Bold.ttf' (160K)
[2023.04.11-14.39.00:707][  0]LogRenderer: Reallocating scene render targets to support 1208x572 Format 10 NumSamples 1 (Frame:1).
[2023.04.11-14.39.00:742][  0]LogSlate: Took 0.003950 seconds to synchronously load lazily loaded font '../../../Engine/Content/Slate/Fonts/Roboto-Light.ttf' (167K)
[2023.04.11-14.39.00:772][  0]LogNativeClassHierarchy: Verbose: Native class hierarchy updated for 'HierarchicalLODOutliner' in 0.0002 seconds. Added 0 classes and 0 folders.
[2023.04.11-14.39.00:773][  0]LogLoad: (Engine Initialization) Total time: 8.07 seconds
[2023.04.11-14.39.00:773][  0]LogLoad: (Engine Initialization) Total Blueprint compile time: 0.00 seconds
[2023.04.11-14.39.00:806][  0]LogAssetRegistry: Asset discovery search completed in 4.7418 seconds
[2023.04.11-14.39.00:810][  0]LogCollectionManager: Fixed up redirectors for 0 collections in 0.000004 seconds (updated 0 objects)
[2023.04.11-14.39.00:812][  0]LogContentStreaming: Texture pool size now 1000 MB
[2023.04.11-14.39.01:783][102]LogSlate: Took 0.000195 seconds to synchronously load lazily loaded font '../../../Engine/Content/Slate/Fonts/Roboto-Light.ttf' (167K)
[2023.04.11-14.39.01:794][102]LogAssetEditorSubsystem: Opening Asset editor for Blueprint /Game/TheCardKingdom/Blueprints/Utility/SGO.SGO
[2023.04.11-14.39.02:331][102]LogNativeClassHierarchy: Verbose: Native class hierarchy updated for 'BlueprintGraph' in 0.0005 seconds. Added 126 classes and 0 folders.
[2023.04.11-14.39.02:943][102]LogAssetEditorSubsystem: Opening Asset editor for Blueprint /Game/TheCardKingdom/Blueprints/Utility/GI.GI
[2023.04.11-14.39.03:210][102]LogAssetEditorSubsystem: Opening Asset editor for Blueprint /Game/TheCardKingdom/Blueprints/DeckGame.DeckGame
[2023.04.11-14.39.03:505][102]LogLinker: Warning: Failed to load '/Game/TheCardKingdom/Levels/BattlePhase.BattlePhase:PersistentLevel.BattlePhase': Can't resolve asset name
[2023.04.11-14.39.03:526][102]LogAssetEditorSubsystem: Opening Asset editor for Blueprint /Game/TheCardKingdom/Blueprints/Enemy/Skel.Skel
[2023.04.11-14.39.03:810][102]LogAssetEditorSubsystem: Opening Asset editor for WidgetBlueprint /Game/TheCardKingdom/UI/WaveCount.WaveCount
[2023.04.11-14.39.04:109][102]LogAssetEditorSubsystem: Opening Asset editor for Blueprint /Engine/EditorBlueprintResources/StandardMacros.StandardMacros
[2023.04.11-14.39.04:376][102]LogAssetEditorSubsystem: Opening Asset editor for WidgetBlueprint /Game/TheCardKingdom/UI/CastleHP_Display.CastleHP_Display
[2023.04.11-14.39.04:861][102]LogGameMode: Warning: No GameStateClass was specified in DeckGame_C_0 (DeckGame_C)
[2023.04.11-14.39.04:895][102]LogSlate: Took 0.000268 seconds to synchronously load lazily loaded font '../../../Engine/Content/Slate/Fonts/Roboto-BoldCondensed.ttf' (158K)
[2023.04.11-14.39.10:603][602]LogSlate: Took 0.003522 seconds to synchronously load lazily loaded font '../../../Engine/Content/Slate/Fonts/Roboto-Italic.ttf' (157K)
[2023.04.11-14.39.13:797][881]LogSlate: Window 'GI' being destroyed
[2023.04.11-14.39.30:834][ 57]LogSlate: Window 'GI' being destroyed
[2023.04.11-14.39.30:838][ 57]LogSlate: Window 'GI' being destroyed
[2023.04.11-14.39.30:842][ 57]LogWorld: UWorld::CleanupWorld for World_1, bSessionEnded=true, bCleanupResources=true
[2023.04.11-14.39.30:842][ 57]LogSlate: InvalidateAllWidgets triggered.  All widgets were invalidated
[2023.04.11-14.39.31:981][158]LogSlate: Window 'CastleHP_Display' being destroyed
[2023.04.11-14.39.31:984][158]LogSlate: Window 'CastleHP_Display' being destroyed
[2023.04.11-14.39.31:986][158]LogWorld: UWorld::CleanupWorld for World_8, bSessionEnded=true, bCleanupResources=true
[2023.04.11-14.39.31:986][158]LogSlate: InvalidateAllWidgets triggered.  All widgets were invalidated
[2023.04.11-14.39.31:994][158]LogWorld: UWorld::CleanupWorld for World_7, bSessionEnded=true, bCleanupResources=true
[2023.04.11-14.39.31:994][158]LogSlate: InvalidateAllWidgets triggered.  All widgets were invalidated
[2023.04.11-14.39.32:863][245]LogSlate: Window 'WaveCount' being destroyed
[2023.04.11-14.39.32:866][245]LogSlate: Window 'WaveCount' being destroyed
[2023.04.11-14.39.32:867][245]LogWorld: UWorld::CleanupWorld for World_5, bSessionEnded=true, bCleanupResources=true
[2023.04.11-14.39.32:867][245]LogSlate: InvalidateAllWidgets triggered.  All widgets were invalidated
[2023.04.11-14.39.32:875][245]LogWorld: UWorld::CleanupWorld for World_4, bSessionEnded=true, bCleanupResources=true
[2023.04.11-14.39.32:875][245]LogSlate: InvalidateAllWidgets triggered.  All widgets were invalidated
[2023.04.11-14.39.34:042][372]LogSlate: Window 'SGO' being destroyed
[2023.04.11-14.39.34:045][372]LogSlate: Window 'SGO' being destroyed
[2023.04.11-14.39.34:049][372]LogWorld: UWorld::CleanupWorld for World_0, bSessionEnded=true, bCleanupResources=true
[2023.04.11-14.39.34:049][372]LogSlate: InvalidateAllWidgets triggered.  All widgets were invalidated
[2023.04.11-14.40.37:301][520]LogWorld: UWorld::CleanupWorld for World_3, bSessionEnded=true, bCleanupResources=true
[2023.04.11-14.40.37:301][520]LogSlate: InvalidateAllWidgets triggered.  All widgets were invalidated
[2023.04.11-14.40.37:839][565]LogWorld: UWorld::CleanupWorld for World_6, bSessionEnded=true, bCleanupResources=true
[2023.04.11-14.40.37:839][565]LogSlate: InvalidateAllWidgets triggered.  All widgets were invalidated
